Line: shrzvdcghblt21
TokenizedLine: shrzvdcghblt21
Concat: 21
Line: sixdddkcqjdnzzrgfourxjtwosevenhg9
TokenizedLine: six6sixdddkcqjdnzzrgfour4fourxjtwo2twoseven7sevenhg9
Concat: 69
Line: threevt1onegxgvc9flk
TokenizedLine: three3threevt1one1onegxgvc9flk
Concat: 39
Line: 7dmqzksnlcpbsqkzqlfour1four
TokenizedLine: 7dmqzksnlcpbsqkzqlfour4four1four
Concat: 71
Line: 4seven9gdlnhqxfseven94five
TokenizedLine: 4seven7seven9gdlnhqxfseven94five5five
Concat: 45
Line: nldeightwoshgnsjnzmbkbxcxltsqtstrgdmvqvxbfour6six
TokenizedLine: nldeight8eightwo2twoshgnsjnzmbkbxcxltsqtstrgdmvqvxbfour4four6six6six
Concat: 86
Line: 87mmlvfr4
TokenizedLine: 87mmlvfr4
Concat: 84
Line: six1vvrlxx8two
TokenizedLine: six6six1vvrlxx8two2two
Concat: 62
Line: znmfvdlhvjtwo9three4tzjqcfcgnsevenccvnsjczlpm
TokenizedLine: znmfvdlhvjtwo2two9three3three4tzjqcfcgnseven7sevenccvnsjczlpm
Concat: 27
Line: 5sixninesixnh
TokenizedLine: 5six6sixnine9ninesixnh
Concat: 59
Line: three1tbtwo
TokenizedLine: three3three1tbtwo2two
Concat: 32
Line: five9seventwobqsjqzxkptkhsix1
TokenizedLine: five5five9seven7seventwo2twobqsjqzxkptkhsix6six1
Concat: 51
Line: 74fivemn
TokenizedLine: 74five5fivemn
Concat: 75
Line: sevenfivetsglnine8three
TokenizedLine: seven7sevenfive5fivetsglnine9nine8three3three
Concat: 73
Line: spnvnfkbv4eightlmdkxmsfour574eight
TokenizedLine: spnvnfkbv4eight8eightlmdkxmsfour4four574eight
Concat: 44
Line: one4four2fivedcpqjmgc8
TokenizedLine: one1one4four4four2five5fivedcpqjmgc8
Concat: 18
Line: two6sevensix33
TokenizedLine: two2two6seven7sevensix6six33
Concat: 23
Line: krc34five
TokenizedLine: krc34five5five
Concat: 35
Line: doneight64qgc251four7
TokenizedLine: done1oneight8eight64qgc251four4four7
Concat: 17
Line: vpjthc6
TokenizedLine: vpjthc6
Concat: 66
Line: threethxbtffhbfourfive3
TokenizedLine: three3threethxbtffhbfour4fourfive5five3
Concat: 33
Line: onetwo5
TokenizedLine: one1onetwo2two5
Concat: 15
Line: 1sevenngjqsfrptq8stgzxgjfp
TokenizedLine: 1seven7sevenngjqsfrptq8stgzxgjfp
Concat: 18
Line: 1576sevenninefhfqd4
TokenizedLine: 1576seven7sevennine9ninefhfqd4
Concat: 14
Line: nine4nine9ninefive
TokenizedLine: nine9nine4nine9ninefive5five
Concat: 95
Line: zp8sfveight9twotgbvscb
TokenizedLine: zp8sfveight8eight9two2twotgbvscb
Concat: 82
Line: eight27nrzmfsix7nine7two
TokenizedLine: eight8eight27nrzmfsix6six7nine9nine7two2two
Concat: 82
Line: gsfivefivepmq9nineftndvlcph
TokenizedLine: gsfive5fivefivepmq9nine9nineftndvlcph
Concat: 59
Line: znggdvvkjthreethree79eight4
TokenizedLine: znggdvvkjthree3threethree79eight8eight4
Concat: 34
Line: 7twofivethree7ninevtspmbfxnr
TokenizedLine: 7two2twofive5fivethree3three7nine9ninevtspmbfxnr
Concat: 79
Line: four9twoxthdxdc7two1
TokenizedLine: four4four9two2twoxthdxdc7two1
Concat: 41
Line: 8ddcmt87xhkqjbgtmkpjlkhd7sevenfour
TokenizedLine: 8ddcmt87xhkqjbgtmkpjlkhd7seven7sevenfour4four
Concat: 84
Line: 4four6
TokenizedLine: 4four4four6
Concat: 46
Line: seven5tmzksnsv9six
TokenizedLine: seven7seven5tmzksnsv9six6six
Concat: 76
Line: 6fivesixlxfrqbkfive
TokenizedLine: 6five5fivesix6sixlxfrqbkfive
Concat: 66
Line: seven9one8jxqkhbfppt
TokenizedLine: seven7seven9one1one8jxqkhbfppt
Concat: 78
Line: hxsbgn6four7
TokenizedLine: hxsbgn6four4four7
Concat: 67
Line: 7pglchqndpnknhvcnkthreefour2
TokenizedLine: 7pglchqndpnknhvcnkthree3threefour4four2
Concat: 72
Line: bkkfjq6dklbppfvgsshgrbmtwo97
TokenizedLine: bkkfjq6dklbppfvgsshgrbmtwo2two97
Concat: 67
Line: 66eightsix3nine652
TokenizedLine: 66eight8eightsix6six3nine9nine652
Concat: 62
Line: six6zjjfffhrflrvkjgdrstcqpqt1eight
TokenizedLine: six6six6zjjfffhrflrvkjgdrstcqpqt1eight8eight
Concat: 68
Line: four252bqdxzzfttkq85tqnl
TokenizedLine: four4four252bqdxzzfttkq85tqnl
Concat: 45
Line: pbgjmdfxjvzdxjjdtwo5sixtwofivesxdcxtn
TokenizedLine: pbgjmdfxjvzdxjjdtwo2two5six6sixtwofive5fivesxdcxtn
Concat: 25
Line: jonesix2five4snxcbgmx
TokenizedLine: jone1onesix6six2five5five4snxcbgmx
Concat: 14
Line: 62rceightsix
TokenizedLine: 62rceight8eightsix6six
Concat: 66
Line: fivenine5
TokenizedLine: five5fivenine9nine5
Concat: 55
Line: nzcxfqhvninefive3nz
TokenizedLine: nzcxfqhvnine9ninefive5five3nz
Concat: 93
Line: 4474rcl
TokenizedLine: 4474rcl
Concat: 44
Line: 1bjlvthree1tjthreethree
TokenizedLine: 1bjlvthree3three1tjthreethree
Concat: 11
Line: bgx2six8vlbdmgsrkone9bdgzsfljlk
TokenizedLine: bgx2six6six8vlbdmgsrkone1one9bdgzsfljlk
Concat: 29
Line: seven52
TokenizedLine: seven7seven52
Concat: 72
Line: fivesixtwo1two
TokenizedLine: five5fivesix6sixtwo2two1two
Concat: 51
Line: njznm98
TokenizedLine: njznm98
Concat: 98
Line: 3xhrsfshnine7five
TokenizedLine: 3xhrsfshnine9nine7five5five
Concat: 35
Line: four9eightzcmsevennzfrxtsixone
TokenizedLine: four4four9eight8eightzcmseven7sevennzfrxtsix6sixone1one
Concat: 41
Line: jjsxs4mgqnstgpreight1
TokenizedLine: jjsxs4mgqnstgpreight8eight1
Concat: 41
Line: bhv9kr8three
TokenizedLine: bhv9kr8three3three
Concat: 93
Line: sklnine1six4
TokenizedLine: sklnine9nine1six6six4
Concat: 94
Line: five52734eighttghkkszrdllrr
TokenizedLine: five5five52734eight8eighttghkkszrdllrr
Concat: 58
Line: 93one
TokenizedLine: 93one1one
Concat: 91
Line: qrlmcmfgsx55onetwo
TokenizedLine: qrlmcmfgsx55one1onetwo2two
Concat: 52
Line: 86dnnrmms6gxskhcghct97glkrlzrdrscfcld
TokenizedLine: 86dnnrmms6gxskhcghct97glkrlzrdrscfcld
Concat: 87
Line: xxb283cftvdg
TokenizedLine: xxb283cftvdg
Concat: 23
Line: hxtwoneqpmbfgkhnr6three86eight7five
TokenizedLine: hxtwo2twone1oneqpmbfgkhnr6three3three86eight8eight7five5five
Concat: 25
Line: zjfczdbpgxtkffkl5
TokenizedLine: zjfczdbpgxtkffkl5
Concat: 55
Line: fivexnqvfiveoneszqkzdfclxkrj8
TokenizedLine: five5fivexnqvfiveone1oneszqkzdfclxkrj8
Concat: 58
Line: 8onerj7mhl
TokenizedLine: 8one1onerj7mhl
Concat: 87
Line: 6fivefive8eightsevenqc8
TokenizedLine: 6five5fivefive8eight8eightseven7sevenqc8
Concat: 68
Line: eight89nineonelmfst193
TokenizedLine: eight8eight89nine9nineone1onelmfst193
Concat: 83
Line: ninetwothree5six5gd8
TokenizedLine: nine9ninetwo2twothree3three5six6six5gd8
Concat: 98
Line: eight6dvvd
TokenizedLine: eight8eight6dvvd
Concat: 86
Line: sevenztbdzndhv5threefour
TokenizedLine: seven7sevenztbdzndhv5three3threefour4four
Concat: 74
Line: two8onebppzkln6
TokenizedLine: two2two8one1onebppzkln6
Concat: 26
Line: twothree54six
TokenizedLine: two2twothree3three54six6six
Concat: 26
Line: seven8ninetwonndtgkj1
TokenizedLine: seven7seven8nine9ninetwo2twonndtgkj1
Concat: 71
Line: cpjckcfnqrrgdzfbrtbdfive8vkl
TokenizedLine: cpjckcfnqrrgdzfbrtbdfive5five8vkl
Concat: 58
Line: 6six5jzxqqtrpflpdqbkgktsvpjgrhggsmvltwomq
TokenizedLine: 6six6six5jzxqqtrpflpdqbkgktsvpjgrhggsmvltwo2twomq
Concat: 62
Line: sixhbft5lnqfseventhreefour
TokenizedLine: six6sixhbft5lnqfseven7seventhree3threefour4four
Concat: 64
Line: 23pqkgleightxvscbnxnp55rb
TokenizedLine: 23pqkgleight8eightxvscbnxnp55rb
Concat: 25
Line: 6fivesfhqmzm7qkdvjss8
TokenizedLine: 6five5fivesfhqmzm7qkdvjss8
Concat: 68
Line: twofivefiveeightdcl4
TokenizedLine: two2twofive5fivefiveeight8eightdcl4
Concat: 24
Line: 9fourfourdqfqhpbbkgtchk2nrvmrghnkdc
TokenizedLine: 9four4fourfourdqfqhpbbkgtchk2nrvmrghnkdc
Concat: 92
Line: sixlzbpttdhlssixdhmvrrgxj6
TokenizedLine: six6sixlzbpttdhlssixdhmvrrgxj6
Concat: 66
Line: glphjgxqvbjcqjpdsixlsgd3
TokenizedLine: glphjgxqvbjcqjpdsix6sixlsgd3
Concat: 63
Line: qcghmvgbmj9fourfivepztxbjpnzpbxzckgnhd4
TokenizedLine: qcghmvgbmj9four4fourfive5fivepztxbjpnzpbxzckgnhd4
Concat: 94
Line: kjvoneighteightfivepsbkgdgpndxx7six8
TokenizedLine: kjvone1oneight8eighteightfive5fivepsbkgdgpndxx7six6six8
Concat: 18
Line: five95oneeighttpdk64xxndq
TokenizedLine: five5five95one1oneeight8eighttpdk64xxndq
Concat: 54
Line: 1vqxhglhnhrpbnlvq
TokenizedLine: 1vqxhglhnhrpbnlvq
Concat: 11
Line: sixtwo34sevensevenrnflkfxmlthree
TokenizedLine: six6sixtwo2two34seven7sevensevenrnflkfxmlthree3three
Concat: 63
Line: pbscshhhpeighteight668fourphkdcrjrf
TokenizedLine: pbscshhhpeight8eighteight668four4fourphkdcrjrf
Concat: 84
Line: threex1jpdsmc
TokenizedLine: three3threex1jpdsmc
Concat: 31
Line: 4pnhtjzlfdcgffour3
TokenizedLine: 4pnhtjzlfdcgffour4four3
Concat: 43
Line: 338
TokenizedLine: 338
Concat: 38
Line: 62six7nn
TokenizedLine: 62six6six7nn
Concat: 67
Line: 1fgq3onethree
TokenizedLine: 1fgq3one1onethree3three
Concat: 13
Line: 7eightzvxmvxbq965nine1hr
TokenizedLine: 7eight8eightzvxmvxbq965nine9nine1hr
Concat: 71
Line: gsdqtgkhlhdff7fourtwo4threesixthree
TokenizedLine: gsdqtgkhlhdff7four4fourtwo2two4three3threesix6sixthree
Concat: 76
Line: 918hjpgbz6kbdxeight9one
TokenizedLine: 918hjpgbz6kbdxeight8eight9one1one
Concat: 91
Line: 7dxhsk9ninejjbninefour
TokenizedLine: 7dxhsk9nine9ninejjbninefour4four
Concat: 74
Line: one2mblcjnine
TokenizedLine: one1one2mblcjnine9nine
Concat: 19
Line: 9twoc
TokenizedLine: 9two2twoc
Concat: 92
Line: fxrkzvpkb3tdvlxxchbfsixbmmmctknxh1
TokenizedLine: fxrkzvpkb3tdvlxxchbfsix6sixbmmmctknxh1
Concat: 31
Line: pbzdkmkxczkgh5xsixtwo6kfgqsgx
TokenizedLine: pbzdkmkxczkgh5xsix6sixtwo2two6kfgqsgx
Concat: 56
Line: 6eighttwodsfppgxrzx9threeseven
TokenizedLine: 6eight8eighttwo2twodsfppgxrzx9three3threeseven7seven
Concat: 67
Line: zzkbhltv7ngthreetwofivegdzrmllnxp
TokenizedLine: zzkbhltv7ngthree3threetwo2twofive5fivegdzrmllnxp
Concat: 75
Line: sgfour67three2seven3
TokenizedLine: sgfour4four67three3three2seven7seven3
Concat: 43
Line: sqglnvlrn4sixmdnineeightthree
TokenizedLine: sqglnvlrn4six6sixmdnine9nineeight8eightthree3three
Concat: 43
Line: 1kbkmkdnc35eightxbbknllscr
TokenizedLine: 1kbkmkdnc35eight8eightxbbknllscr
Concat: 18
Line: 2bzrg
TokenizedLine: 2bzrg
Concat: 22
Line: 3onenine
TokenizedLine: 3one1onenine9nine
Concat: 39
Line: threevkzrmdbnbsxrmzjtdhbeight12rncbzmq
TokenizedLine: three3threevkzrmdbnbsxrmzjtdhbeight8eight12rncbzmq
Concat: 32
Line: sxcrgkvbrtwo17six527five
TokenizedLine: sxcrgkvbrtwo2two17six6six527five5five
Concat: 25
Line: 9rbsbcjp239jvlfpn5jrr
TokenizedLine: 9rbsbcjp239jvlfpn5jrr
Concat: 95
Line: nine8vjcbjcxxprdcf4
TokenizedLine: nine9nine8vjcbjcxxprdcf4
Concat: 94
Line: nineeightsevenchjczgdvjvtqlkjsqvrzxxvlqlp65
TokenizedLine: nine9nineeight8eightseven7sevenchjczgdvjvtqlkjsqvrzxxvlqlp65
Concat: 95
Line: hdgqninefive9sevensix3gzb
TokenizedLine: hdgqnine9ninefive5five9seven7sevensix6six3gzb
Concat: 93
Line: 6fjv5
TokenizedLine: 6fjv5
Concat: 65
Line: pmgdvcdp1fivetxkmjzone
TokenizedLine: pmgdvcdp1five5fivetxkmjzone1one
Concat: 11
Line: eightsevenklxgcj8sixccqlnxzmbeight
TokenizedLine: eight8eightseven7sevenklxgcj8six6sixccqlnxzmbeight
Concat: 86
Line: bkcdmscssixsixtwozbdzcpgpbsvf38
TokenizedLine: bkcdmscssix6sixsixtwo2twozbdzcpgpbsvf38
Concat: 68
Line: ninefourrcmrfvszsqhpxcs89onecnzjvhrphs
TokenizedLine: nine9ninefour4fourrcmrfvszsqhpxcs89one1onecnzjvhrphs
Concat: 91
Line: 54plhhmnmkvonethree2ktzncds
TokenizedLine: 54plhhmnmkvone1onethree3three2ktzncds
Concat: 52
Line: pkglbgdplgvlstpgpnsmlsixcpmfxfbfbtpsdxninenine4
TokenizedLine: pkglbgdplgvlstpgpnsmlsix6sixcpmfxfbfbtpsdxnine9ninenine4
Concat: 64
Line: one6qhcqnkqc9hfrsqpxmcm7eight3
TokenizedLine: one1one6qhcqnkqc9hfrsqpxmcm7eight8eight3
Concat: 13
Line: threepdtshdskxgeightjtdpfbtlnph91
TokenizedLine: three3threepdtshdskxgeight8eightjtdpfbtlnph91
Concat: 31
Line: fmpjgjqpgbpx8two8jzqchdglhtfiveeightpzktj
TokenizedLine: fmpjgjqpgbpx8two2two8jzqchdglhtfive5fiveeight8eightpzktj
Concat: 88
Line: njqhghlvm2
TokenizedLine: njqhghlvm2
Concat: 22
Line: dj3
TokenizedLine: dj3
Concat: 33
Line: 3j
TokenizedLine: 3j
Concat: 33
Line: eight9cgbcppzjbl1tgjhm
TokenizedLine: eight8eight9cgbcppzjbl1tgjhm
Concat: 81
Line: fvkhcvflpknqnh9ninetwoneqn
TokenizedLine: fvkhcvflpknqnh9nine9ninetwo2twone1oneqn
Concat: 91
Line: threemfour3eighteight
TokenizedLine: three3threemfour4four3eight8eighteight
Concat: 38
Line: qjmtvcbvzzgxmmpdvrfv8
TokenizedLine: qjmtvcbvzzgxmmpdvrfv8
Concat: 88
Line: tlzqpfsix1fbhgdvhblvgk
TokenizedLine: tlzqpfsix6six1fbhgdvhblvgk
Concat: 61
Line: eight451qvnhv4
TokenizedLine: eight8eight451qvnhv4
Concat: 84
Line: 7mxcvmpkdvdsjqdd
TokenizedLine: 7mxcvmpkdvdsjqdd
Concat: 77
Line: 6ninetwodmbjfour52
TokenizedLine: 6nine9ninetwo2twodmbjfour4four52
Concat: 62
Line: jdq2sheight
TokenizedLine: jdq2sheight8eight
Concat: 28
Line: seven2foursixvhlmsjld
TokenizedLine: seven7seven2four4foursix6sixvhlmsjld
Concat: 76
Line: ndoneight361
TokenizedLine: ndone1oneight8eight361
Concat: 11
Line: poneightfourfourdhlnmlnpvnsixone77
TokenizedLine: pone1oneight8eightfour4fourfourdhlnmlnpvnsix6sixone77
Concat: 17
Line: 6gnxprrthree9
TokenizedLine: 6gnxprrthree3three9
Concat: 69
Line: ktbhqxmvcbczfspfddnjjcz7
TokenizedLine: ktbhqxmvcbczfspfddnjjcz7
Concat: 77
Line: 4nineqsk5two5ksljzqmnrrhftqvmvhfqvxtg
TokenizedLine: 4nine9nineqsk5two2two5ksljzqmnrrhftqvmvhfqvxtg
Concat: 45
Line: cgllkmq1fivevlcxkmj4twohpclqj
TokenizedLine: cgllkmq1five5fivevlcxkmj4two2twohpclqj
Concat: 12
Line: fivebdkfgmlzckstbmone58fourc1
TokenizedLine: five5fivebdkfgmlzckstbmone1one58four4fourc1
Concat: 51
Line: 6sixninebkmlgpspthreesevenhfrhtfqnl85
TokenizedLine: 6six6sixnine9ninebkmlgpspthree3threeseven7sevenhfrhtfqnl85
Concat: 65
Line: 27fivezqskxvqqp7
TokenizedLine: 27five5fivezqskxvqqp7
Concat: 27
Line: 7vklrcvmq2nldrglnlkmdjgzone
TokenizedLine: 7vklrcvmq2nldrglnlkmdjgzone1one
Concat: 71
Line: 4fivemzjhhvmm
TokenizedLine: 4five5fivemzjhhvmm
Concat: 45
Line: 76fournineeightthreesix
TokenizedLine: 76four4fournine9nineeight8eightthree3threesix6six
Concat: 76
Line: threen45nctdxmgd
TokenizedLine: three3threen45nctdxmgd
Concat: 35
Line: eightfivetwotjbsvvrfourseven4djjfftk9
TokenizedLine: eight8eightfive5fivetwo2twotjbsvvrfour4fourseven7seven4djjfftk9
Concat: 89
Line: lrxjcgdxhtprfpvn9eightsix
TokenizedLine: lrxjcgdxhtprfpvn9eight8eightsix6six
Concat: 96
Line: foursix7lbjqxb1lzsztxcrhx
TokenizedLine: four4foursix6six7lbjqxb1lzsztxcrhx
Concat: 41
Line: dlxftspksone9mfive
TokenizedLine: dlxftspksone1one9mfive5five
Concat: 15
Line: ninefiveeightone2
TokenizedLine: nine9ninefive5fiveeight8eightone1one2
Concat: 92
Line: nzbvf3ninexsixsix
TokenizedLine: nzbvf3nine9ninexsix6sixsix
Concat: 36
Line: 1eightjsqbvpcfsevenvdkhbxzfournine5pttjffj
TokenizedLine: 1eight8eightjsqbvpcfseven7sevenvdkhbxzfour4fournine9nine5pttjffj
Concat: 15
Line: 6kxdmlhtslf2rzmbrdrvvqmtceightwojj
TokenizedLine: 6kxdmlhtslf2rzmbrdrvvqmtceight8eightwo2twojj
Concat: 62
Line: 3fjxhq
TokenizedLine: 3fjxhq
Concat: 33
Line: j9
TokenizedLine: j9
Concat: 99
Line: lj7onesevennine7threeeightvmgvtzcg
TokenizedLine: lj7one1oneseven7sevennine9nine7three3threeeight8eightvmgvtzcg
Concat: 78
Line: pmmrbq4
TokenizedLine: pmmrbq4
Concat: 44
Line: seven3fourq81l
TokenizedLine: seven7seven3four4fourq81l
Concat: 71
Line: 2four4gqdpczpg
TokenizedLine: 2four4four4gqdpczpg
Concat: 24
Line: 6sevengzdxmfpflfivefivevgnhspxchsfive
TokenizedLine: 6seven7sevengzdxmfpflfive5fivefivevgnhspxchsfive
Concat: 65
Line: 3c7gpgbnlfhlrthpmtsvpctjhzf5seven
TokenizedLine: 3c7gpgbnlfhlrthpmtsvpctjhzf5seven7seven
Concat: 37
Line: kgtczfjdeight8hpcmkz
TokenizedLine: kgtczfjdeight8eight8hpcmkz
Concat: 88
Line: one5xkhnfvjh92ninevxkzvkg6
TokenizedLine: one1one5xkhnfvjh92nine9ninevxkzvkg6
Concat: 16
Line: nzp2
TokenizedLine: nzp2
Concat: 22
Line: eight226three5sevenhhxhqxns
TokenizedLine: eight8eight226three3three5seven7sevenhhxhqxns
Concat: 87
Line: 9hgfj85zxvppflblvjlq
TokenizedLine: 9hgfj85zxvppflblvjlq
Concat: 95
Line: sixfour8hzlrbqjtjcgrxseight
TokenizedLine: six6sixfour4four8hzlrbqjtjcgrxseight8eight
Concat: 68
Line: 6tlxtwo4258kbdtx
TokenizedLine: 6tlxtwo2two4258kbdtx
Concat: 68
Line: ninemhvrlcqvdthree5
TokenizedLine: nine9ninemhvrlcqvdthree3three5
Concat: 95
Line: 8xfmjzp
TokenizedLine: 8xfmjzp
Concat: 88
Line: nineldrbpxqmhffrjrcx11
TokenizedLine: nine9nineldrbpxqmhffrjrcx11
Concat: 91
Line: mqvjnkjr6dx8
TokenizedLine: mqvjnkjr6dx8
Concat: 68
Line: 575cfbnine14
TokenizedLine: 575cfbnine9nine14
Concat: 54
Line: threeqnxnfjmttwo7
TokenizedLine: three3threeqnxnfjmttwo2two7
Concat: 37
Line: pvmxfgvhrlqn4fivefivesevensix1znt
TokenizedLine: pvmxfgvhrlqn4five5fivefiveseven7sevensix6six1znt
Concat: 41
Line: sevenphcrjjhnfive63three
TokenizedLine: seven7sevenphcrjjhnfive5five63three3three
Concat: 73
Line: sixxdjplseven8seven8qlxfvgktf
TokenizedLine: six6sixxdjplseven7seven8seven8qlxfvgktf
Concat: 68
Line: hdgnr6sevenddzptcvprbhvnine
TokenizedLine: hdgnr6seven7sevenddzptcvprbhvnine9nine
Concat: 69
Line: onebrhnsqbnzvmckmtmprjkbfvn6
TokenizedLine: one1onebrhnsqbnzvmckmtmprjkbfvn6
Concat: 16
Line: hxqdjrmr94five9qnkl5
TokenizedLine: hxqdjrmr94five5five9qnkl5
Concat: 95
Line: g3fourfive6
TokenizedLine: g3four4fourfive5five6
Concat: 36
Line: 22eight6vsmtrxsix78
TokenizedLine: 22eight8eight6vsmtrxsix6six78
Concat: 28
Line: jrlrfsnine9
TokenizedLine: jrlrfsnine9nine9
Concat: 99
Line: tqpkqdtknvfj2xgzrjpsvgphlbtthree
TokenizedLine: tqpkqdtknvfj2xgzrjpsvgphlbtthree3three
Concat: 23
Line: qvczktnrfvmgpznspqtsevensevenslmjdqfdld5rrcfour
TokenizedLine: qvczktnrfvmgpznspqtseven7sevensevenslmjdqfdld5rrcfour4four
Concat: 74
Line: rmgeight36sxvxzgnine7bs
TokenizedLine: rmgeight8eight36sxvxzgnine9nine7bs
Concat: 87
Line: sevenlt2fnqjtkvrj
TokenizedLine: seven7sevenlt2fnqjtkvrj
Concat: 72
Line: seven9lhfzhmhdonelxvxfqdlxlscjbqgvnlbm7
TokenizedLine: seven7seven9lhfzhmhdone1onelxvxfqdlxlscjbqgvnlbm7
Concat: 77
Line: 3183six4seven4two
TokenizedLine: 3183six6six4seven7seven4two2two
Concat: 32
Line: bpl12mcdpzrzbph9fourninercpqzrn
TokenizedLine: bpl12mcdpzrzbph9four4fournine9ninercpqzrn
Concat: 19
Line: eightzltzdmcd4615nmone
TokenizedLine: eight8eightzltzdmcd4615nmone1one
Concat: 81
Line: 5bgzh8hrrtjhnine62
TokenizedLine: 5bgzh8hrrtjhnine9nine62
Concat: 52
Line: ndnzpnptz6twokdvg563fiveqkszkccqc
TokenizedLine: ndnzpnptz6two2twokdvg563five5fiveqkszkccqc
Concat: 65
Line: 6npdfqtwo
TokenizedLine: 6npdfqtwo2two
Concat: 62
Line: onetwomcxkncm3mjsrknhktgdfbqjmone
TokenizedLine: one1onetwo2twomcxkncm3mjsrknhktgdfbqjmone
Concat: 13
Line: sixtpmdfmrjone6six
TokenizedLine: six6sixtpmdfmrjone1one6six
Concat: 66
Line: 7fourthreekqvbhfourfivenine
TokenizedLine: 7four4fourthree3threekqvbhfourfive5fivenine9nine
Concat: 79
Line: 98337
TokenizedLine: 98337
Concat: 97
Line: pvkrzdzbdj9
TokenizedLine: pvkrzdzbdj9
Concat: 99
Line: 8krztxtqkqksixr264
TokenizedLine: 8krztxtqkqksix6sixr264
Concat: 84
Line: 5sppmxxkdonezfvbdcsix
TokenizedLine: 5sppmxxkdone1onezfvbdcsix6six
Concat: 56
Line: dhvmctjcjfivec7pjmtnlqs
TokenizedLine: dhvmctjcjfive5fivec7pjmtnlqs
Concat: 57
Line: dgzl9sixggxstwoneprr
TokenizedLine: dgzl9six6sixggxstwo2twone1oneprr
Concat: 91
Line: gnbmxn1cjnq3three6rpsrqmtwo
TokenizedLine: gnbmxn1cjnq3three3three6rpsrqmtwo2two
Concat: 12
Line: 176seven17six
TokenizedLine: 176seven7seven17six6six
Concat: 16
Line: sbvfive3six
TokenizedLine: sbvfive5five3six6six
Concat: 56
Line: 8seventhree64pcffive
TokenizedLine: 8seven7seventhree3three64pcffive5five
Concat: 85
Line: fourgvhbrsfjzsevenfivenineninesixznq2
TokenizedLine: four4fourgvhbrsfjzseven7sevenfive5fivenine9nineninesix6sixznq2
Concat: 42
Line: nine426six8zk
TokenizedLine: nine9nine426six6six8zk
Concat: 98
Line: 4sevenfpnmsqlhllrxrhjonesmgfhzmhvstwo3
TokenizedLine: 4seven7sevenfpnmsqlhllrxrhjone1onesmgfhzmhvstwo2two3
Concat: 43
Line: fivesixtwosevenlfbpczfv3six8
TokenizedLine: five5fivesix6sixtwo2twoseven7sevenlfbpczfv3six8
Concat: 58
Line: 8fourltcpdnhg178fourglz
TokenizedLine: 8four4fourltcpdnhg178fourglz
Concat: 88
Line: rdfqcdrxdc6twotwo8fourthreeftrlzseven
TokenizedLine: rdfqcdrxdc6two2twotwo8four4fourthree3threeftrlzseven7seven
Concat: 67
Line: 97threefive7
TokenizedLine: 97three3threefive5five7
Concat: 97
Line: sevenoneoneszdxd77two
TokenizedLine: seven7sevenone1oneoneszdxd77two2two
Concat: 72
Line: g91q392four
TokenizedLine: g91q392four4four
Concat: 94
Line: 2twodb
TokenizedLine: 2two2twodb
Concat: 22
Line: jbtfkfourggc5zkc3nineninekv
TokenizedLine: jbtfkfour4fourggc5zkc3nine9nineninekv
Concat: 49
Line: 379eight
TokenizedLine: 379eight8eight
Concat: 38
Line: hhxcbflcv6fiveszpch46
TokenizedLine: hhxcbflcv6five5fiveszpch46
Concat: 66
Line: threexfsfv3dpfourfiveone
TokenizedLine: three3threexfsfv3dpfour4fourfive5fiveone1one
Concat: 31
Line: fivevd145one629
TokenizedLine: five5fivevd145one1one629
Concat: 59
Line: 31vdzxxkxsmznrqjzpqj5onescbck
TokenizedLine: 31vdzxxkxsmznrqjzpqj5one1onescbck
Concat: 31
Line: 9onejbnvrbmtgm
TokenizedLine: 9one1onejbnvrbmtgm
Concat: 91
Line: thrjvpckm4vglthree
TokenizedLine: thrjvpckm4vglthree3three
Concat: 43
Line: zvhmxzsixfjddvjq1four8lktthree
TokenizedLine: zvhmxzsix6sixfjddvjq1four4four8lktthree3three
Concat: 63
Line: 74seven84rslpcjtpfourcvvqlstmqn
TokenizedLine: 74seven7seven84rslpcjtpfour4fourcvvqlstmqn
Concat: 74
Line: dfxdqr3eighthfhcldhgmjcpbxbzp
TokenizedLine: dfxdqr3eight8eighthfhcldhgmjcpbxbzp
Concat: 38
Line: sevenbgs1seven9bjntphktdktzhrzpfcfs
TokenizedLine: seven7sevenbgs1seven9bjntphktdktzhrzpfcfs
Concat: 79
Line: 7kqkdzncd4sevensevenfourv8two
TokenizedLine: 7kqkdzncd4seven7sevensevenfour4fourv8two2two
Concat: 72
Line: mjeightwolsk2sgnhgxstfourhbhthreeonenine3
TokenizedLine: mjeight8eightwo2twolsk2sgnhgxstfour4fourhbhthree3threeone1onenine9nine3
Concat: 83
Line: 4nts
TokenizedLine: 4nts
Concat: 44
Line: nslvxzffoureightfour5eightczsptpg8
TokenizedLine: nslvxzffour4foureight8eightfour5eightczsptpg8
Concat: 48
Line: bcckncblzdsixxrdprtsmbjdzxzlnzfbgmkfd2
TokenizedLine: bcckncblzdsix6sixxrdprtsmbjdzxzlnzfbgmkfd2
Concat: 62
Line: 8fourninesix4fourseven
TokenizedLine: 8four4fournine9ninesix6six4fourseven7seven
Concat: 87
Line: twospxvtbcjfour3seven
TokenizedLine: two2twospxvtbcjfour4four3seven7seven
Concat: 27
Line: four2cqkxkbplbpb
TokenizedLine: four4four2cqkxkbplbpb
Concat: 42
Line: 54fourtwo2xd
TokenizedLine: 54four4fourtwo2two2xd
Concat: 52
Line: tljfive7bsxmonesixl
TokenizedLine: tljfive5five7bsxmone1onesix6sixl
Concat: 56
Line: 8mxd8czpdrgxbtwoeightrqpghngcvt
TokenizedLine: 8mxd8czpdrgxbtwo2twoeight8eightrqpghngcvt
Concat: 88
Line: 3sxrzljnzlr9threetknfcc5seven4
TokenizedLine: 3sxrzljnzlr9three3threetknfcc5seven7seven4
Concat: 34
Line: eighteightfourtwo8fournine7
TokenizedLine: eight8eighteightfour4fourtwo2two8fournine9nine7
Concat: 87
Line: jjzxf153mdzhh
TokenizedLine: jjzxf153mdzhh
Concat: 13
Line: 3three95one8vsmzkrlvhq
TokenizedLine: 3three3three95one1one8vsmzkrlvhq
Concat: 38
Line: ninefour4pzqzntwo2nine
TokenizedLine: nine9ninefour4four4pzqzntwo2two2nine
Concat: 92
Line: onefournine8gvp
TokenizedLine: one1onefour4fournine9nine8gvp
Concat: 18
Line: 45vmbrpblzjxthhonesix8
TokenizedLine: 45vmbrpblzjxthhone1onesix6six8
Concat: 48
Line: lmmrxm5
TokenizedLine: lmmrxm5
Concat: 55
Line: 13mhm6zxmkhbcsixhz8
TokenizedLine: 13mhm6zxmkhbcsix6sixhz8
Concat: 18
Line: mhsjcprhdh7ninemgrxnqzt7pdtxxvsix
TokenizedLine: mhsjcprhdh7nine9ninemgrxnqzt7pdtxxvsix6six
Concat: 76
Line: twothreesixqcjtzcxmd3ninezqrvnzlxt
TokenizedLine: two2twothree3threesix6sixqcjtzcxmd3nine9ninezqrvnzlxt
Concat: 29
Line: hreightwo51tb27fivesevenseven
TokenizedLine: hreight8eightwo2two51tb27five5fiveseven7sevenseven
Concat: 87
Line: fivebktq86nine5kd
TokenizedLine: five5fivebktq86nine9nine5kd
Concat: 55
Line: one6nglzxzkzrmfl12nine6
TokenizedLine: one1one6nglzxzkzrmfl12nine9nine6
Concat: 16
Line: 2th9mms4six3
TokenizedLine: 2th9mms4six6six3
Concat: 23
Line: msix5bqbtwosix
TokenizedLine: msix6six5bqbtwo2twosix
Concat: 62
Line: four1hfrmxsix3five
TokenizedLine: four4four1hfrmxsix6six3five5five
Concat: 45
Line: nrtjrkkfour6fivefour7fivertjnxbbzg
TokenizedLine: nrtjrkkfour4four6five5fivefour7fivertjnxbbzg
Concat: 47
Line: jmjqmxrtjr23phttwo
TokenizedLine: jmjqmxrtjr23phttwo2two
Concat: 22
Line: 79
TokenizedLine: 79
Concat: 79
Line: 6twones
TokenizedLine: 6two2twone1ones
Concat: 61
Line: sn6fivesixfourhhjhrfthree
TokenizedLine: sn6five5fivesix6sixfour4fourhhjhrfthree3three
Concat: 63
Line: xdfxgzccsvonefivenmqleightfivel9nine
TokenizedLine: xdfxgzccsvone1onefive5fivenmqleight8eightfivel9nine9nine
Concat: 19
Line: 78sevensix21
TokenizedLine: 78seven7sevensix6six21
Concat: 71
Line: rkmncslfr6hdhtlchnznineoneeight4
TokenizedLine: rkmncslfr6hdhtlchnznine9nineone1oneeight8eight4
Concat: 64
Line: seven1496
TokenizedLine: seven7seven1496
Concat: 76
Line: 8fivekhfrfjtwo3eight9six4
TokenizedLine: 8five5fivekhfrfjtwo2two3eight8eight9six6six4
Concat: 84
Line: jnrtwoneslxrgkeight67fivetwolbhvfftqjhl
TokenizedLine: jnrtwo2twone1oneslxrgkeight8eight67five5fivetwolbhvfftqjhl
Concat: 25
Line: eight6eight4two
TokenizedLine: eight8eight6eight4two2two
Concat: 82
Line: dhcxc1
TokenizedLine: dhcxc1
Concat: 11
Line: fivenpblbgfive6moneighttzj
TokenizedLine: five5fivenpblbgfive6mone1oneight8eighttzj
Concat: 58
Line: onef5nppkqcl6mnzhvsixjvcqpbtb
TokenizedLine: one1onef5nppkqcl6mnzhvsix6sixjvcqpbtb
Concat: 16
Line: 7tjggz68four4six28
TokenizedLine: 7tjggz68four4four4six6six28
Concat: 78
Line: zfntm7
TokenizedLine: zfntm7
Concat: 77
Line: 3sgbsbn2fivefour3
TokenizedLine: 3sgbsbn2five5fivefour4four3
Concat: 33
Line: 8bmtcgtqcsmdktzmj3
TokenizedLine: 8bmtcgtqcsmdktzmj3
Concat: 83
Line: 617
TokenizedLine: 617
Concat: 67
Line: 7sjsshfgnpnjskhccdclrxmnl
TokenizedLine: 7sjsshfgnpnjskhccdclrxmnl
Concat: 77
Line: trzeightwo1krbkxd9nslndznine
TokenizedLine: trzeight8eightwo2two1krbkxd9nslndznine9nine
Concat: 89
Line: ninelmbxldnb1qfqkhqkp
TokenizedLine: nine9ninelmbxldnb1qfqkhqkp
Concat: 91
Line: 3pf8vlmgtfouronefx
TokenizedLine: 3pf8vlmgtfour4fourone1onefx
Concat: 31
Line: five7seven6
TokenizedLine: five5five7seven7seven6
Concat: 56
Line: zckdhnzrppb3kqsix
TokenizedLine: zckdhnzrppb3kqsix6six
Concat: 36
Line: 6fivebgf6fourktdsqdxfqd46
TokenizedLine: 6five5fivebgf6four4fourktdsqdxfqd46
Concat: 66
Line: four7nine5two4dkkdhvcfsf
TokenizedLine: four4four7nine9nine5two2two4dkkdhvcfsf
Concat: 44
Line: 5vtqrhbn1lhxm7one
TokenizedLine: 5vtqrhbn1lhxm7one1one
Concat: 51
Line: three13fbtqxvmninegp
TokenizedLine: three3three13fbtqxvmnine9ninegp
Concat: 39
Line: fiveseven1czvlmlncthreerstssbjdoneightpm
TokenizedLine: five5fiveseven7seven1czvlmlncthree3threerstssbjdone1oneight8eightpm
Concat: 58
Line: 2lpdnfz3vghpszmtxnineeighthkfour
TokenizedLine: 2lpdnfz3vghpszmtxnine9nineeight8eighthkfour4four
Concat: 24
Line: 455hdvfivervnine
TokenizedLine: 455hdvfive5fivervnine9nine
Concat: 49
Line: three64
TokenizedLine: three3three64
Concat: 34
Line: six6threefivethreedbvvftm
TokenizedLine: six6six6three3threefive5fivethreedbvvftm
Concat: 65
Line: 667sevenzjxmrmpxd8
TokenizedLine: 667seven7sevenzjxmrmpxd8
Concat: 68
Line: dsix62lrvqkfthree
TokenizedLine: dsix6six62lrvqkfthree3three
Concat: 63
Line: sixthreefour5cpgsjznfdbtk
TokenizedLine: six6sixthree3threefour4four5cpgsjznfdbtk
Concat: 65
Line: two4five4one
TokenizedLine: two2two4five5five4one1one
Concat: 21
Line: 1hxbnvq
TokenizedLine: 1hxbnvq
Concat: 11
Line: sevenkrzfvkkrprxzcfgchscbstwo73
TokenizedLine: seven7sevenkrzfvkkrprxzcfgchscbstwo2two73
Concat: 73
Line: nzhtgzzq448pftthpsneight
TokenizedLine: nzhtgzzq448pftthpsneight8eight
Concat: 48
Line: 3197
TokenizedLine: 3197
Concat: 37
Line: one59fjdqjd9
TokenizedLine: one1one59fjdqjd9
Concat: 19
Line: pvcphzxnvnhhngl5dsix6fourone
TokenizedLine: pvcphzxnvnhhngl5dsix6six6four4fourone1one
Concat: 51
Line: 5eightfourfivetbhh54eighthkbvcfrpc
TokenizedLine: 5eight8eightfour4fourfive5fivetbhh54eighthkbvcfrpc
Concat: 54
Line: threehvdqjdl45fourrqhqxs
TokenizedLine: three3threehvdqjdl45four4fourrqhqxs
Concat: 34
Line: 8twonine
TokenizedLine: 8two2twonine9nine
Concat: 89
Line: 8mmc6tmc99rkttglnnxk4
TokenizedLine: 8mmc6tmc99rkttglnnxk4
Concat: 84
Line: pxnxckqbdhhvhbheightfivefivesix6two
TokenizedLine: pxnxckqbdhhvhbheight8eightfive5fivefivesix6six6two2two
Concat: 82
Line: 3four2pzx23vhmzhrfourthree
TokenizedLine: 3four4four2pzx23vhmzhrfourthree3three
Concat: 33
Line: five1four97
TokenizedLine: five5five1four4four97
Concat: 57
Line: 9eightpzznbpqgj
TokenizedLine: 9eight8eightpzznbpqgj
Concat: 98
Line: rrrgfxlb7vltwobjtdrghc
TokenizedLine: rrrgfxlb7vltwo2twobjtdrghc
Concat: 72
Line: sgnd8ptgdfourbbcqsix
TokenizedLine: sgnd8ptgdfour4fourbbcqsix6six
Concat: 86
Line: 4chfmgsxnsd96
TokenizedLine: 4chfmgsxnsd96
Concat: 46
Line: zthree3
TokenizedLine: zthree3three3
Concat: 33
Line: zvvstf6twofivelftpmzkttwo3
TokenizedLine: zvvstf6two2twofive5fivelftpmzkttwo3
Concat: 63
Line: 1nineoneightxqt
TokenizedLine: 1nine9nineone1oneight8eightxqt
Concat: 18
Line: 2kzhkfoneeighteightqn
TokenizedLine: 2kzhkfone1oneeight8eighteightqn
Concat: 28
Line: 287cfour
TokenizedLine: 287cfour4four
Concat: 24
Line: lhmgblplseventhreenine9vcpnpvzhjronenhczffqt
TokenizedLine: lhmgblplseven7seventhree3threenine9nine9vcpnpvzhjrone1onenhczffqt
Concat: 71
Line: 5xrjqdjtdqnvlnrkkr7
TokenizedLine: 5xrjqdjtdqnvlnrkkr7
Concat: 57
Line: 38dbdthfive
TokenizedLine: 38dbdthfive5five
Concat: 35
Line: onethktvdnfqgfourlxpksevenseven22nine
TokenizedLine: one1onethktvdnfqgfour4fourlxpkseven7sevenseven22nine9nine
Concat: 19
Line: mjmt18blbfiverjsxjsktkgz
TokenizedLine: mjmt18blbfive5fiverjsxjsktkgz
Concat: 15
Line: 8hlrjjbvsix92grtmthree4
TokenizedLine: 8hlrjjbvsix6six92grtmthree3three4
Concat: 84
Line: 7threetxjztxseven
TokenizedLine: 7three3threetxjztxseven7seven
Concat: 77
Line: five5gfgfdjbkrpseven4
TokenizedLine: five5five5gfgfdjbkrpseven7seven4
Concat: 54
Line: 8jdzlvrgtcf8eightzpgstwo
TokenizedLine: 8jdzlvrgtcf8eight8eightzpgstwo2two
Concat: 82
Line: bfpqdpfoursevennvgqt8
TokenizedLine: bfpqdpfour4fourseven7sevennvgqt8
Concat: 48
Line: 8one99
TokenizedLine: 8one1one99
Concat: 89
Line: kfvmblbtthjrrmktmjmeight4d3lnctfzsvgmjtmd
TokenizedLine: kfvmblbtthjrrmktmjmeight8eight4d3lnctfzsvgmjtmd
Concat: 83
Line: 2eightgppxscjvdgrzjgc3
TokenizedLine: 2eight8eightgppxscjvdgrzjgc3
Concat: 23
Line: 5twonineknzone
TokenizedLine: 5two2twonine9nineknzone1one
Concat: 51
Line: onefourhb4
TokenizedLine: one1onefour4fourhb4
Concat: 14
Line: eightrxchxccxb7qqqqxzt
TokenizedLine: eight8eightrxchxccxb7qqqqxzt
Concat: 87
Line: threeone14pvfive
TokenizedLine: three3threeone1one14pvfive5five
Concat: 35
Line: nineseven1sixknvkmfkk86
TokenizedLine: nine9nineseven7seven1six6sixknvkmfkk86
Concat: 96
Line: onesmvscnf9ninezgfrps
TokenizedLine: one1onesmvscnf9nine9ninezgfrps
Concat: 19
Line: ffhseven2
TokenizedLine: ffhseven7seven2
Concat: 72
Line: 1sixrjseven8
TokenizedLine: 1six6sixrjseven7seven8
Concat: 18
Line: rvzthzdtwosix6kzzqssrgc9tl
TokenizedLine: rvzthzdtwo2twosix6six6kzzqssrgc9tl
Concat: 29
Line: threeeight5svcrlrqtkmfpgqzhhs6
TokenizedLine: three3threeeight8eight5svcrlrqtkmfpgqzhhs6
Concat: 36
Line: eight3bt7dp
TokenizedLine: eight8eight3bt7dp
Concat: 87
Line: zqhncxh25eight1
TokenizedLine: zqhncxh25eight8eight1
Concat: 21
Line: five3vmmmntnjtjrkbvpvphj6nine
TokenizedLine: five5five3vmmmntnjtjrkbvpvphj6nine9nine
Concat: 59
Line: eight6fsdqseventxgjkbvrleightfive2pqx
TokenizedLine: eight8eight6fsdqseven7seventxgjkbvrleightfive5five2pqx
Concat: 82
Line: nkfbsdgrrfvsmfxx78onetwo
TokenizedLine: nkfbsdgrrfvsmfxx78one1onetwo2two
Concat: 72
Line: bsix5eightwox
TokenizedLine: bsix6six5eight8eightwo2twox
Concat: 62
Line: fph3jzfmt9fiventnpvnxhjxplchjnvlxqkdbzv
TokenizedLine: fph3jzfmt9five5fiventnpvnxhjxplchjnvlxqkdbzv
Concat: 35
Line: kfxbjzcfpfk8chkrtvlrnine6
TokenizedLine: kfxbjzcfpfk8chkrtvlrnine9nine6
Concat: 86
Line: m7kfjz52eight4tworkpcqt
TokenizedLine: m7kfjz52eight8eight4two2tworkpcqt
Concat: 72
Line: vmlhvdpxds8two
TokenizedLine: vmlhvdpxds8two2two
Concat: 82
Line: fourfiveoneeight478
TokenizedLine: four4fourfive5fiveone1oneeight8eight478
Concat: 48
Line: 3eightonefive
TokenizedLine: 3eight8eightone1onefive5five
Concat: 35
Line: ninel5
TokenizedLine: nine9ninel5
Concat: 95
Line: lfqllfjcqztwofjnfnfx5
TokenizedLine: lfqllfjcqztwo2twofjnfnfx5
Concat: 25
Line: 5tvqksfour
TokenizedLine: 5tvqksfour4four
Concat: 54
Line: twogdg5fourmhninecrdcrheight4
TokenizedLine: two2twogdg5four4fourmhnine9ninecrdcrheight8eight4
Concat: 24
Line: two5six2
TokenizedLine: two2two5six6six2
Concat: 22
Line: 419vrvjln7
TokenizedLine: 419vrvjln7
Concat: 47
Line: pbpmljqjzxghp3tkdeight7
TokenizedLine: pbpmljqjzxghp3tkdeight8eight7
Concat: 37
Line: sevensixfiveqmvtfggbqjone72fn
TokenizedLine: seven7sevensix6sixfive5fiveqmvtfggbqjone1one72fn
Concat: 72
Line: 7four93cdgcpxpl86
TokenizedLine: 7four4four93cdgcpxpl86
Concat: 76
Line: 9oneeight6three
TokenizedLine: 9one1oneeight8eight6three3three
Concat: 93
Line: threesixsixhzhpfive8ninetwothree
TokenizedLine: three3threesix6sixsixhzhpfive5five8nine9ninetwo2twothree
Concat: 32
Line: xlzddrthree2rmtwo6fivedhxsrrdcvpvgscnt
TokenizedLine: xlzddrthree3three2rmtwo2two6five5fivedhxsrrdcvpvgscnt
Concat: 35
Line: qfncszfsdgzqctdtbpkseven1fourpcmz5
TokenizedLine: qfncszfsdgzqctdtbpkseven7seven1four4fourpcmz5
Concat: 75
Line: 7seven9fivefive
TokenizedLine: 7seven7seven9five5fivefive
Concat: 75
Line: 82nine7ztqmftkssm34j
TokenizedLine: 82nine9nine7ztqmftkssm34j
Concat: 84
Line: twofoursv6
TokenizedLine: two2twofour4foursv6
Concat: 26
Line: five2five51qrsrqrtmdk7
TokenizedLine: five5five2five51qrsrqrtmdk7
Concat: 57
Line: four7fhhjxcjtbr
TokenizedLine: four4four7fhhjxcjtbr
Concat: 47
Line: hnbdbkmjc72
TokenizedLine: hnbdbkmjc72
Concat: 72
Line: sxclpbzmbd4fivezjjnncmqpv6ckxzb2
TokenizedLine: sxclpbzmbd4five5fivezjjnncmqpv6ckxzb2
Concat: 42
Line: 98six4pkhfzkzj7
TokenizedLine: 98six6six4pkhfzkzj7
Concat: 97
Line: 611thqkzttfffivenine7seven7
TokenizedLine: 611thqkzttfffive5fivenine9nine7seven7seven7
Concat: 67
Line: 8sevensmqzxxlgpxpjqstsgkmxdgplrplsjxjgsmjdzzgf
TokenizedLine: 8seven7sevensmqzxxlgpxpjqstsgkmxdgplrplsjxjgsmjdzzgf
Concat: 87
Line: rggphsjncpxkfzfplcgrnfgmnd9
TokenizedLine: rggphsjncpxkfzfplcgrnfgmnd9
Concat: 99
Line: three9sgfhdn3rbvqds3threeseven
TokenizedLine: three3three9sgfhdn3rbvqds3threeseven7seven
Concat: 37
Line: nine9sixtthree94rs
TokenizedLine: nine9nine9six6sixtthree3three94rs
Concat: 94
Line: sixthreebvmxtcqng67one
TokenizedLine: six6sixthree3threebvmxtcqng67one1one
Concat: 61
Line: 6ntrhzzkl8djptbnsixthreefourhnk
TokenizedLine: 6ntrhzzkl8djptbnsix6sixthree3threefour4fourhnk
Concat: 64
Line: 3sixxsj5five
TokenizedLine: 3six6sixxsj5five5five
Concat: 35
Line: 1cghzppdcfnine
TokenizedLine: 1cghzppdcfnine9nine
Concat: 19
Line: jtmkrvlmhthree58eightqbhlgppghc1
TokenizedLine: jtmkrvlmhthree3three58eight8eightqbhlgppghc1
Concat: 31
Line: fivefourlpk5jtvrk9eight7gfzksqrv
TokenizedLine: five5fivefour4fourlpk5jtvrk9eight8eight7gfzksqrv
Concat: 57
Line: tjrphpkhfgsix7eightwocj
TokenizedLine: tjrphpkhfgsix6six7eight8eightwo2twocj
Concat: 62
Line: threethree85ghjsnhgrv2jv
TokenizedLine: three3threethree85ghjsnhgrv2jv
Concat: 32
Line: six64
TokenizedLine: six6six64
Concat: 64
Line: 3ptfzxjrtfsix
TokenizedLine: 3ptfzxjrtfsix6six
Concat: 36
Line: 1583xpczlkvtwo
TokenizedLine: 1583xpczlkvtwo2two
Concat: 12
Line: twoglkpldjthree717
TokenizedLine: two2twoglkpldjthree3three717
Concat: 27
Line: six26three
TokenizedLine: six6six26three3three
Concat: 63
Line: three5qc1gz
TokenizedLine: three3three5qc1gz
Concat: 31
Line: 9tworgcbxfourrxgxzzbljcb5mxn
TokenizedLine: 9two2tworgcbxfour4fourrxgxzzbljcb5mxn
Concat: 95
Line: 838
TokenizedLine: 838
Concat: 88
Line: four6zjdfd22kxpfhhgonefour7
TokenizedLine: four4four6zjdfd22kxpfhhgone1onefour7
Concat: 47
Line: seven132
TokenizedLine: seven7seven132
Concat: 72
Line: zmml5
TokenizedLine: zmml5
Concat: 55
Line: twozzzgrhseven5
TokenizedLine: two2twozzzgrhseven7seven5
Concat: 25
Line: four8eight4fivefour
TokenizedLine: four4four8eight8eight4five5fivefour
Concat: 45
Line: g76nine4oneseven6eightwol
TokenizedLine: g76nine9nine4one1oneseven7seven6eight8eightwo2twol
Concat: 72
Line: 9kzlggh1ninefoursevenninelb2
TokenizedLine: 9kzlggh1nine9ninefour4fourseven7sevenninelb2
Concat: 92
Line: three27kfmbdtpxncgpskvrq2
TokenizedLine: three3three27kfmbdtpxncgpskvrq2
Concat: 32
Line: onegsnxggjlvn1six
TokenizedLine: one1onegsnxggjlvn1six6six
Concat: 16
Line: 8fivevgtszhfl2zqsqpnmgdbkfour
TokenizedLine: 8five5fivevgtszhfl2zqsqpnmgdbkfour4four
Concat: 84
Line: 4fourtwo
TokenizedLine: 4four4fourtwo2two
Concat: 42
Line: mrllxmbfpqvpfzhghv8twotwo
TokenizedLine: mrllxmbfpqvpfzhghv8two2twotwo
Concat: 82
Line: 3hjxpgkxpc91t3
TokenizedLine: 3hjxpgkxpc91t3
Concat: 33
Line: four24
TokenizedLine: four4four24
Concat: 44
Line: six385hsxtfone
TokenizedLine: six6six385hsxtfone1one
Concat: 61
Line: 8three9twotnpjkcdbrfive8
TokenizedLine: 8three3three9two2twotnpjkcdbrfive5five8
Concat: 88
Line: nine94tpfcmnzsjk
TokenizedLine: nine9nine94tpfcmnzsjk
Concat: 94
Line: sevensevennbch64six
TokenizedLine: seven7sevensevennbch64six6six
Concat: 76
Line: onefour99gcgvcfvfnzjtjzngc
TokenizedLine: one1onefour4four99gcgvcfvfnzjtjzngc
Concat: 19
Line: fivefivedqdt4
TokenizedLine: five5fivefivedqdt4
Concat: 54
Line: onefrnpc4onejgvtwo7six
TokenizedLine: one1onefrnpc4onejgvtwo2two7six6six
Concat: 16
Line: 4568
TokenizedLine: 4568
Concat: 48
Line: tfrmonerljgxsbghm87hmgzfvlcmgbsbqc43
TokenizedLine: tfrmone1onerljgxsbghm87hmgzfvlcmgbsbqc43
Concat: 13
Line: 4kbxt9pqchtltg6sixjkzncffrpsixtzdtbdg
TokenizedLine: 4kbxt9pqchtltg6six6sixjkzncffrpsixtzdtbdg
Concat: 46
Line: 29pbpph
TokenizedLine: 29pbpph
Concat: 29
Line: 2szjrkkqvsix
TokenizedLine: 2szjrkkqvsix6six
Concat: 26
Line: six2twotwo1cfqzhjrlkbone4two
TokenizedLine: six6six2two2twotwo1cfqzhjrlkbone1one4two
Concat: 64
Line: mdxmcknnmmnfzsbvh4
TokenizedLine: mdxmcknnmmnfzsbvh4
Concat: 44
Line: rzjnjrqjkmzmr4seight1two6
TokenizedLine: rzjnjrqjkmzmr4seight8eight1two2two6
Concat: 46
Line: onehpqvvlsnkhcqhczbllbcfl3six
TokenizedLine: one1onehpqvvlsnkhcqhczbllbcfl3six6six
Concat: 16
Line: nine655nine81
TokenizedLine: nine9nine655nine81
Concat: 91
Line: two76threefourtwo54
TokenizedLine: two2two76three3threefour4fourtwo54
Concat: 24
Line: 8nine91
TokenizedLine: 8nine9nine91
Concat: 81
Line: 4threebspdskrp3
TokenizedLine: 4three3threebspdskrp3
Concat: 43
Line: pktwonesx4sevensixfournine7
TokenizedLine: pktwo2twone1onesx4seven7sevensix6sixfour4fournine9nine7
Concat: 27
Line: td2one4seven
TokenizedLine: td2one1one4seven7seven
Concat: 27
Line: eightseveneightfivetwothmngvb9one
TokenizedLine: eight8eightseven7seveneightfive5fivetwo2twothmngvb9one1one
Concat: 81
Line: 9pkdcbgfhrf8mjtjksvjlf2
TokenizedLine: 9pkdcbgfhrf8mjtjksvjlf2
Concat: 92
Line: 374four9two2seven6
TokenizedLine: 374four4four9two2two2seven7seven6
Concat: 36
Line: 98eight2
TokenizedLine: 98eight8eight2
Concat: 92
Line: brmzpfgjone3
TokenizedLine: brmzpfgjone1one3
Concat: 13
Line: six4mdbthreezdgrktcdc5
TokenizedLine: six6six4mdbthree3threezdgrktcdc5
Concat: 65
Line: mfmvcqdjlvzmeight8
TokenizedLine: mfmvcqdjlvzmeight8eight8
Concat: 88
Line: smklgfour2
TokenizedLine: smklgfour4four2
Concat: 42
Line: j3nineeight
TokenizedLine: j3nine9nineeight8eight
Concat: 38
Line: fh45peight9nine6
TokenizedLine: fh45peight8eight9nine9nine6
Concat: 46
Line: two972fvkfzsfivefbgkktg
TokenizedLine: two2two972fvkfzsfive5fivefbgkktg
Concat: 25
Line: three9kdzkeightqmxcslnvhthree
TokenizedLine: three3three9kdzkeight8eightqmxcslnvhthree
Concat: 38
Line: ninekgjkdtcsrqgrmdtshsevenseven3four
TokenizedLine: nine9ninekgjkdtcsrqgrmdtshseven7sevenseven3four4four
Concat: 94
Line: 2nineninetwomlt
TokenizedLine: 2nine9nineninetwo2twomlt
Concat: 22
Line: jckvcvtwo7
TokenizedLine: jckvcvtwo2two7
Concat: 27
Line: 348
TokenizedLine: 348
Concat: 38
Line: cjzzxsix1hfqxxgdvphppxzvmqsv1xxxsqckhpbsix
TokenizedLine: cjzzxsix6six1hfqxxgdvphppxzvmqsv1xxxsqckhpbsix
Concat: 61
Line: jcnlxlccrtpmqqmfour8dzrn8lrzq
TokenizedLine: jcnlxlccrtpmqqmfour4four8dzrn8lrzq
Concat: 48
Line: 7sevenzrcgtldkjbhjt
TokenizedLine: 7seven7sevenzrcgtldkjbhjt
Concat: 77
Line: three55gtrnineztxsdcdcdb2
TokenizedLine: three3three55gtrnine9nineztxsdcdcdb2
Concat: 32
Line: sjnvr5
TokenizedLine: sjnvr5
Concat: 55
Line: gvpcd4one2four2foursix8
TokenizedLine: gvpcd4one1one2four4four2foursix6six8
Concat: 48
Line: mxskkrvdjkvpnine6834hsxsn2
TokenizedLine: mxskkrvdjkvpnine9nine6834hsxsn2
Concat: 92
Line: one5fivesix
TokenizedLine: one1one5five5fivesix6six
Concat: 16
Line: bfhbgfdkdftjtnhvgbr2zvmcmrpjs
TokenizedLine: bfhbgfdkdftjtnhvgbr2zvmcmrpjs
Concat: 22
Line: threeeightmbjc5six
TokenizedLine: three3threeeight8eightmbjc5six6six
Concat: 36
Line: 8zcxflfkbtdtwotwo44six4cnrvvft
TokenizedLine: 8zcxflfkbtdtwo2twotwo44six6six4cnrvvft
Concat: 84
Line: sevenzggv2mkjsl
TokenizedLine: seven7sevenzggv2mkjsl
Concat: 72
Line: sevenvx8one55zhkjcxbpdz
TokenizedLine: seven7sevenvx8one1one55zhkjcxbpdz
Concat: 75
Line: zbxbftwo79leightsix2lgcmlpbpjz
TokenizedLine: zbxbftwo2two79leight8eightsix6six2lgcmlpbpjz
Concat: 22
Line: one6twoqrfoursixtwofive
TokenizedLine: one1one6two2twoqrfour4foursix6sixtwofive5five
Concat: 15
Line: 111threethreetwonehf
TokenizedLine: 111three3threethreetwo2twone1onehf
Concat: 11
Line: 72fninesseven
TokenizedLine: 72fnine9ninesseven7seven
Concat: 77
Line: gsrshxjfhr54jmsgnnninecvqdjtsevenfour
TokenizedLine: gsrshxjfhr54jmsgnnnine9ninecvqdjtseven7sevenfour4four
Concat: 54
Line: m49z51
TokenizedLine: m49z51
Concat: 41
Line: 2one27two
TokenizedLine: 2one1one27two2two
Concat: 22
Line: four9rlhsbfour
TokenizedLine: four4four9rlhsbfour
Concat: 49
Line: eight8sevenoneightjtj
TokenizedLine: eight8eight8seven7sevenone1oneightjtj
Concat: 81
Line: pgv57nineeightxnblzsixxgjttbnzrqscb
TokenizedLine: pgv57nine9nineeight8eightxnblzsix6sixxgjttbnzrqscb
Concat: 56
Line: 3sevennine35gfbqvq8seven
TokenizedLine: 3seven7sevennine9nine35gfbqvq8seven
Concat: 38
Line: fivesix252one1nsix
TokenizedLine: five5fivesix6six252one1one1nsix
Concat: 51
Line: 3qzvttqnmjb4pshrrdzpm
TokenizedLine: 3qzvttqnmjb4pshrrdzpm
Concat: 34
Line: nvmlzzxfksevenlvngntztwotwo9mhjrjrxnckchs
TokenizedLine: nvmlzzxfkseven7sevenlvngntztwo2twotwo9mhjrjrxnckchs
Concat: 79
Line: seventwomzk699
TokenizedLine: seven7seventwo2twomzk699
Concat: 79
Line: 33svrghbnine8seven
TokenizedLine: 33svrghbnine9nine8seven7seven
Concat: 37
Line: six48fourtwoeightphl
TokenizedLine: six6six48four4fourtwo2twoeight8eightphl
Concat: 68
Line: 7fivekcrsvzdvsix
TokenizedLine: 7five5fivekcrsvzdvsix6six
Concat: 76
Line: 8sixjtdrl446btjlmfzqlg
TokenizedLine: 8six6sixjtdrl446btjlmfzqlg
Concat: 86
Line: g6sixjlsspqkthree
TokenizedLine: g6six6sixjlsspqkthree3three
Concat: 63
Line: z2
TokenizedLine: z2
Concat: 22
Line: sevenonec6xhddnxjzrn
TokenizedLine: seven7sevenone1onec6xhddnxjzrn
Concat: 76
Line: one1bczmjxrnineonevjkbnine
TokenizedLine: one1one1bczmjxrnine9nineonevjkbnine
Concat: 19
Line: eightttltnkcllm8snhbqptsztzkdffkcdbsixcncvr7
TokenizedLine: eight8eightttltnkcllm8snhbqptsztzkdffkcdbsix6sixcncvr7
Concat: 87
Line: mnprx46jdttjtxrkhrninefvvphzthreethree
TokenizedLine: mnprx46jdttjtxrkhrnine9ninefvvphzthree3threethree
Concat: 43
Line: 3bjrvbmlpv6threefivehrkcv
TokenizedLine: 3bjrvbmlpv6three3threefive5fivehrkcv
Concat: 35
Line: 8hjkrlmg
TokenizedLine: 8hjkrlmg
Concat: 88
Line: lfrzztvtwomkgrtzvseven7
TokenizedLine: lfrzztvtwo2twomkgrtzvseven7seven7
Concat: 27
Line: fcx2two
TokenizedLine: fcx2two2two
Concat: 22
Line: 27hhbgl3x
TokenizedLine: 27hhbgl3x
Concat: 23
Line: mtveightwo3tcseventwox
TokenizedLine: mtveight8eightwo2two3tcseven7seventwox
Concat: 87
Line: nine8four1five4
TokenizedLine: nine9nine8four4four1five5five4
Concat: 94
Line: six56qqvvtwo
TokenizedLine: six6six56qqvvtwo2two
Concat: 62
Line: fivelhhcjhpfnsvtzmnxdlp3fivefour
TokenizedLine: five5fivelhhcjhpfnsvtzmnxdlp3fivefour4four
Concat: 54
Line: fourtsbq3six2
TokenizedLine: four4fourtsbq3six6six2
Concat: 42
Line: 71vcmtqgfpdkx2
TokenizedLine: 71vcmtqgfpdkx2
Concat: 72
Line: fourfiveninetwo5
TokenizedLine: four4fourfive5fivenine9ninetwo2two5
Concat: 45
Line: qsfhrhkm4nvxdxzcnkcknvxjg2two
TokenizedLine: qsfhrhkm4nvxdxzcnkcknvxjg2two2two
Concat: 42
Line: 915dftd69foureight
TokenizedLine: 915dftd69four4foureight8eight
Concat: 98
Line: qrhjdprpcbq3eight552kb5
TokenizedLine: qrhjdprpcbq3eight8eight552kb5
Concat: 35
Line: rsone7nckeight
TokenizedLine: rsone1one7nckeight8eight
Concat: 18
Line: 3ninecmsvkmlk8b
TokenizedLine: 3nine9ninecmsvkmlk8b
Concat: 38
Line: fourfrdgbrdzsfvjg2fthpptfjgzjsnvsxcxgxgcgdcl
TokenizedLine: four4fourfrdgbrdzsfvjg2fthpptfjgzjsnvsxcxgxgcgdcl
Concat: 42
Line: sevenkpshht4threemthmfbdp7
TokenizedLine: seven7sevenkpshht4three3threemthmfbdp7
Concat: 77
Line: sltzgqcqlvdbccvcbkzmmpsl957
TokenizedLine: sltzgqcqlvdbccvcbkzmmpsl957
Concat: 97
Line: 75t3
TokenizedLine: 75t3
Concat: 73
Line: 4sevenkfourpxfkgkdpjccxpxrgsbmsrnxngd
TokenizedLine: 4seven7sevenkfour4fourpxfkgkdpjccxpxrgsbmsrnxngd
Concat: 44
Line: 2oneeight4mpndtnnone4onesix
TokenizedLine: 2one1oneeight8eight4mpndtnnone4onesix6six
Concat: 26
Line: six35sixfourfive2
TokenizedLine: six6six35sixfour4fourfive5five2
Concat: 62
Line: 81twokrqg
TokenizedLine: 81two2twokrqg
Concat: 82
Line: 3dqcrlnzsnmhmzzxnsjsskchxqzvtfrdnkqg
TokenizedLine: 3dqcrlnzsnmhmzzxnsjsskchxqzvtfrdnkqg
Concat: 33
Line: 17zzrcpnmshreight
TokenizedLine: 17zzrcpnmshreight8eight
Concat: 18
Line: gcvvczmldgh8mnsnpmjvdrpznine
TokenizedLine: gcvvczmldgh8mnsnpmjvdrpznine9nine
Concat: 89
Line: oneeightjhmf9
TokenizedLine: one1oneeight8eightjhmf9
Concat: 19
Line: 1hlfour3three9
TokenizedLine: 1hlfour4four3three3three9
Concat: 19
Line: skjc82gthree6
TokenizedLine: skjc82gthree3three6
Concat: 86
Line: eight9bszxphftdsixsixonesix
TokenizedLine: eight8eight9bszxphftdsix6sixsixone1onesix
Concat: 81
Line: five9xbfgzfh
TokenizedLine: five5five9xbfgzfh
Concat: 59
Line: 6nineone
TokenizedLine: 6nine9nineone1one
Concat: 61
Line: tgnqfiveeight8qnlj
TokenizedLine: tgnqfive5fiveeight8eight8qnlj
Concat: 58
Line: 28fxrpdmdjgdnine6rpjdxgd58
TokenizedLine: 28fxrpdmdjgdnine9nine6rpjdxgd58
Concat: 28
Line: gsxfivefourhgznkdhrtkn7nkt59
TokenizedLine: gsxfive5fivefour4fourhgznkdhrtkn7nkt59
Concat: 59
Line: 6m2eightbzndjnfthree2fjkpsm
TokenizedLine: 6m2eight8eightbzndjnfthree3three2fjkpsm
Concat: 62
Line: 9nine7one7rgsh
TokenizedLine: 9nine9nine7one1one7rgsh
Concat: 97
Line: xnrqcllskcrlxglbshvrseven3nvjlcngxnine
TokenizedLine: xnrqcllskcrlxglbshvrseven7seven3nvjlcngxnine9nine
Concat: 79
Line: sevenpltgmq9csxz1four
TokenizedLine: seven7sevenpltgmq9csxz1four4four
Concat: 74
Line: 7threevbhfgnshtn5nine
TokenizedLine: 7three3threevbhfgnshtn5nine9nine
Concat: 79
Line: gdj9
TokenizedLine: gdj9
Concat: 99
Line: five6two931txb8
TokenizedLine: five5five6two2two931txb8
Concat: 58
Line: fourtwoone2hcbzlggvfive
TokenizedLine: four4fourtwo2twoone1one2hcbzlggvfive5five
Concat: 45
Line: 7xlpjkrvbtq8qlgrqonetwo4bpxtcgjxv
TokenizedLine: 7xlpjkrvbtq8qlgrqone1onetwo2two4bpxtcgjxv
Concat: 74
Line: nnxhcrgplrtrskbjzdd8lfive2six12
TokenizedLine: nnxhcrgplrtrskbjzdd8lfive5five2six6six12
Concat: 82
Line: bqjdtwo98z
TokenizedLine: bqjdtwo2two98z
Concat: 28
Line: 6ninerfqlbxpx
TokenizedLine: 6nine9ninerfqlbxpx
Concat: 69
Line: 8seven642six
TokenizedLine: 8seven7seven642six6six
Concat: 86
Line: eight54
TokenizedLine: eight8eight54
Concat: 84
Line: 5two9eighteight7hzkfdzg
TokenizedLine: 5two2two9eight8eighteight7hzkfdzg
Concat: 57
Line: twofourninekhcztkhfour23xllcdb
TokenizedLine: two2twofour4fournine9ninekhcztkhfour23xllcdb
Concat: 23
Line: zmpdb7jffqt7nhnmdrqqvtwo2krltbfjjdd
TokenizedLine: zmpdb7jffqt7nhnmdrqqvtwo2two2krltbfjjdd
Concat: 72
Line: sixfourlxxshzfccgtzkdhjeightfourninehmrhqzfqld7
TokenizedLine: six6sixfour4fourlxxshzfccgtzkdhjeight8eightfournine9ninehmrhqzfqld7
Concat: 67
Line: mblx1ninekfjhfnjtt4nine
TokenizedLine: mblx1nine9ninekfjhfnjtt4nine
Concat: 14
Line: seven7mhmkpqk
TokenizedLine: seven7seven7mhmkpqk
Concat: 77
Line: 4rvzsftqscltzzj551
TokenizedLine: 4rvzsftqscltzzj551
Concat: 41
Line: 8gkvgs5oneninethree3three
TokenizedLine: 8gkvgs5one1onenine9ninethree3three3three
Concat: 83
Line: 5ldfllvzkhkfive8
TokenizedLine: 5ldfllvzkhkfive5five8
Concat: 58
Line: jjblh64five1gzvvgcbrhbvrqfhjqvkrqvff
TokenizedLine: jjblh64five5five1gzvvgcbrhbvrqfhjqvkrqvff
Concat: 61
Line: fourpqnpgjnclq7nine
TokenizedLine: four4fourpqnpgjnclq7nine9nine
Concat: 49
Line: eight4761
TokenizedLine: eight8eight4761
Concat: 81
Line: nddmqzx2four
TokenizedLine: nddmqzx2four4four
Concat: 24
Line: 8nkgjkkhqztwoeight
TokenizedLine: 8nkgjkkhqztwo2twoeight8eight
Concat: 88
Line: hlqtbfrgsfbgnine5qdfzrsnmb77
TokenizedLine: hlqtbfrgsfbgnine9nine5qdfzrsnmb77
Concat: 97
Line: nineggdbpmhbmdnrfvpv5threefour3
TokenizedLine: nine9nineggdbpmhbmdnrfvpv5three3threefour4four3
Concat: 93
Line: jm4
TokenizedLine: jm4
Concat: 44
Line: sixfkxfzvrkxv9seventwo8one
TokenizedLine: six6sixfkxfzvrkxv9seven7seventwo2two8one1one
Concat: 61
Line: threesix2oneoneightc
TokenizedLine: three3threesix6six2one1oneoneight8eightc
Concat: 38
Line: 7three3615qqdbzsxrdv2
TokenizedLine: 7three3three3615qqdbzsxrdv2
Concat: 72
Line: 74fourdvgcgdgvxqgm4eightqqtmvone
TokenizedLine: 74four4fourdvgcgdgvxqgm4eight8eightqqtmvone1one
Concat: 71
Line: 5h58dmvkxbhtninefoureight
TokenizedLine: 5h58dmvkxbhtnine9ninefour4foureight8eight
Concat: 58
Line: 8fiveoneseven7
TokenizedLine: 8five5fiveone1oneseven7seven7
Concat: 87
Line: eight145zxgnzczcdkzrffnbfmsztwo
TokenizedLine: eight8eight145zxgnzczcdkzrffnbfmsztwo2two
Concat: 82
Line: 268nine3
TokenizedLine: 268nine9nine3
Concat: 23
Line: 6eight3nine86six
TokenizedLine: 6eight8eight3nine9nine86six6six
Concat: 66
Line: 4qhtjbcd9
TokenizedLine: 4qhtjbcd9
Concat: 49
Line: mblblmkhseven3tgdxslcnine
TokenizedLine: mblblmkhseven7seven3tgdxslcnine9nine
Concat: 79
Line: fivefivelgghthree5vkkfhjkc
TokenizedLine: five5fivefivelgghthree3three5vkkfhjkc
Concat: 55
Line: 4four5oneseventwosixfivetwo
TokenizedLine: 4four4four5one1oneseven7seventwo2twosix6sixfive5fivetwo
Concat: 45
Line: 6ninenine8
TokenizedLine: 6nine9ninenine8
Concat: 68
Line: 7ldg64five9twoninenine
TokenizedLine: 7ldg64five5five9two2twonine9ninenine
Concat: 79
Line: 3zmzlnninesrfourfivetzxlkcsr8
TokenizedLine: 3zmzlnnine9ninesrfour4fourfive5fivetzxlkcsr8
Concat: 38
Line: sgdzmk3lgxjrktsmzkczft
TokenizedLine: sgdzmk3lgxjrktsmzkczft
Concat: 33
Line: 64nqhjdjs
TokenizedLine: 64nqhjdjs
Concat: 64
Line: 9sznchv2nineclrfdpxnf378xhkjbbplqdeightwos
TokenizedLine: 9sznchv2nine9nineclrfdpxnf378xhkjbbplqdeight8eightwo2twos
Concat: 92
Line: 3sskrbzrpfqbbqtjzgcqjhnine3six5
TokenizedLine: 3sskrbzrpfqbbqtjzgcqjhnine9nine3six6six5
Concat: 35
Line: vq95nine7lfiveonethree
TokenizedLine: vq95nine9nine7lfive5fiveone1onethree3three
Concat: 93
Line: 3eight3eightfive4
TokenizedLine: 3eight8eight3eightfive5five4
Concat: 34
Line: twoninethreel7sixfour9
TokenizedLine: two2twonine9ninethree3threel7six6sixfour4four9
Concat: 29
Line: bszxlfz2mtmv
TokenizedLine: bszxlfz2mtmv
Concat: 22
Line: 1cvhpxjlgjd
TokenizedLine: 1cvhpxjlgjd
Concat: 11
Line: sixsevenksj77one
TokenizedLine: six6sixseven7sevenksj77one1one
Concat: 61
Line: qglgjsh3zrsqqh9onehrkjxfsxt3nine
TokenizedLine: qglgjsh3zrsqqh9one1onehrkjxfsxt3nine9nine
Concat: 39
Line: sevenlllqqkk4bxcgjqqllmcml4b3
TokenizedLine: seven7sevenlllqqkk4bxcgjqqllmcml4b3
Concat: 73
Line: bppqgfdfpm7753
TokenizedLine: bppqgfdfpm7753
Concat: 73
Line: 68frjqbqmmq2fourncksn9
TokenizedLine: 68frjqbqmmq2four4fourncksn9
Concat: 69
Line: bdz42pjmmnmhkvd
TokenizedLine: bdz42pjmmnmhkvd
Concat: 42
Line: 6threetone2
TokenizedLine: 6three3threetone1one2
Concat: 62
Line: 8bmmdxf1dbnggxgpvhninezxmlzhvzb
TokenizedLine: 8bmmdxf1dbnggxgpvhnine9ninezxmlzhvzb
Concat: 89
Line: 48168
TokenizedLine: 48168
Concat: 48
Line: gvgkcsvmoneqvlxgzjsixfourshxzls9three
TokenizedLine: gvgkcsvmone1oneqvlxgzjsix6sixfour4fourshxzls9three3three
Concat: 13
Line: 1zrgnghhm
TokenizedLine: 1zrgnghhm
Concat: 11
Line: klkrldxbjone6eight6sbglhrhlbnbq9dbkl
TokenizedLine: klkrldxbjone1one6eight8eight6sbglhrhlbnbq9dbkl
Concat: 19
Line: 9threefivetplxdklc2zrnptzrzp2
TokenizedLine: 9three3threefive5fivetplxdklc2zrnptzrzp2
Concat: 92
Line: sndxcznj9ninexttpfzbjcmbslghm83rp
TokenizedLine: sndxcznj9nine9ninexttpfzbjcmbslghm83rp
Concat: 93
Line: 73one8one
TokenizedLine: 73one1one8one
Concat: 78
Line: 3eight8eighttlmpmh9five7
TokenizedLine: 3eight8eight8eighttlmpmh9five5five7
Concat: 37
Line: 7vqcddvrgbm5foursix
TokenizedLine: 7vqcddvrgbm5four4foursix6six
Concat: 76
Line: fivedhzbdsnzd1sv
TokenizedLine: five5fivedhzbdsnzd1sv
Concat: 51
Line: 82fgntsxnsix3xdzk
TokenizedLine: 82fgntsxnsix6six3xdzk
Concat: 83
Line: threesix3qblcvkp
TokenizedLine: three3threesix6six3qblcvkp
Concat: 33
Line: lfptgxqs2six35
TokenizedLine: lfptgxqs2six6six35
Concat: 25
Line: eight33jtzdbstcmstjxtbseven8
TokenizedLine: eight8eight33jtzdbstcmstjxtbseven7seven8
Concat: 88
Line: seven4five958three9
TokenizedLine: seven7seven4five5five958three3three9
Concat: 79
Line: 3sevenhpvklhxxvx
TokenizedLine: 3seven7sevenhpvklhxxvx
Concat: 37
Line: rzsb5eighttwoglqtmf4
TokenizedLine: rzsb5eight8eighttwo2twoglqtmf4
Concat: 54
Line: seven8fgkp
TokenizedLine: seven7seven8fgkp
Concat: 78
Line: 3rjfvpfiveonesfgdbb5
TokenizedLine: 3rjfvpfive5fiveone1onesfgdbb5
Concat: 35
Line: vpkkcrpdthree9threeninesix
TokenizedLine: vpkkcrpdthree3three9threenine9ninesix6six
Concat: 36
Line: 3onethreenine7
TokenizedLine: 3one1onethree3threenine9nine7
Concat: 37
Line: 9sixtwoninetqllkjtmjnine4
TokenizedLine: 9six6sixtwo2twonine9ninetqllkjtmjnine4
Concat: 94
Line: 2lqsevenx1vsgbmgone
TokenizedLine: 2lqseven7sevenx1vsgbmgone1one
Concat: 21
Line: eight2kqsixfzcxvxfourp
TokenizedLine: eight8eight2kqsix6sixfzcxvxfour4fourp
Concat: 84
Line: gchhhrbxqlfphdjjdfsix4rcpmj
TokenizedLine: gchhhrbxqlfphdjjdfsix6six4rcpmj
Concat: 64
Line: 4pfrxtgr21
TokenizedLine: 4pfrxtgr21
Concat: 41
Line: 7fvndztkj
TokenizedLine: 7fvndztkj
Concat: 77
Line: rtwonenine77lsglrqcxhgxrllftvqfvfive44one
TokenizedLine: rtwo2twone1onenine9nine77lsglrqcxhgxrllftvqfvfive5five44one
Concat: 24
Line: two374343nine
TokenizedLine: two2two374343nine9nine
Concat: 29
Line: eightseven7fthree
TokenizedLine: eight8eightseven7seven7fthree3three
Concat: 83
Line: 6lrrphgpnrlvgfqqzxfdxttdbfdfgjpmtztc9
TokenizedLine: 6lrrphgpnrlvgfqqzxfdxttdbfdfgjpmtztc9
Concat: 69
Line: 61threegscxrcstkclln9
TokenizedLine: 61three3threegscxrcstkclln9
Concat: 69
Line: xk2dhkgbtggeightthree
TokenizedLine: xk2dhkgbtggeight8eightthree3three
Concat: 23
Line: 5vbbrqfnfp49eightqvn71qpskg
TokenizedLine: 5vbbrqfnfp49eight8eightqvn71qpskg
Concat: 51
Line: sevenhgd9qxfn8twoeightsevengcqtt
TokenizedLine: seven7sevenhgd9qxfn8two2twoeight8eightsevengcqtt
Concat: 78
Line: 1four17five
TokenizedLine: 1four4four17five5five
Concat: 15
Line: 5seven5vnsbqpkjzeight7five
TokenizedLine: 5seven7seven5vnsbqpkjzeight8eight7five5five
Concat: 55
Line: 62qgxndqlninetmftkhp9
TokenizedLine: 62qgxndqlnine9ninetmftkhp9
Concat: 69
Line: two8threeeightdpzzhhvmr8
TokenizedLine: two2two8three3threeeight8eightdpzzhhvmr8
Concat: 28
Line: kxgmtlzb7gcltm9cxp
TokenizedLine: kxgmtlzb7gcltm9cxp
Concat: 79
Line: 8454nine
TokenizedLine: 8454nine9nine
Concat: 89
Line: mtqqxgkvfdthree9rpbvl5sfourthreesix
TokenizedLine: mtqqxgkvfdthree3three9rpbvl5sfour4fourthreesix6six
Concat: 36
Line: 7onenine
TokenizedLine: 7one1onenine9nine
Concat: 79
Line: 4fourthree
TokenizedLine: 4four4fourthree3three
Concat: 43
Line: 8fvr
TokenizedLine: 8fvr
Concat: 88
Line: 1fourfhljbffive
TokenizedLine: 1four4fourfhljbffive5five
Concat: 15
Line: lqltrsvkjsthjkxph3vrfive3vxvlf
TokenizedLine: lqltrsvkjsthjkxph3vrfive5five3vxvlf
Concat: 33
Line: xxfoursevenzbthcsdnrvjlnqqhlpbbpj8
TokenizedLine: xxfour4fourseven7sevenzbthcsdnrvjlnqqhlpbbpj8
Concat: 48
Line: 6gvch2fiveeightsixmtfps
TokenizedLine: 6gvch2five5fiveeight8eightsix6sixmtfps
Concat: 66
Line: two7rljfhhdlcseventhree9four84
TokenizedLine: two2two7rljfhhdlcseven7seventhree3three9four4four84
Concat: 24
Line: 5lpseven
TokenizedLine: 5lpseven7seven
Concat: 57
Line: cdmnine1
TokenizedLine: cdmnine9nine1
Concat: 91
Line: oneeight97mxnine79
TokenizedLine: one1oneeight8eight97mxnine9nine79
Concat: 19
Line: 3thzbhxbcbf
TokenizedLine: 3thzbhxbcbf
Concat: 33
Line: two41fivefiveseventwo4r
TokenizedLine: two2two41five5fivefiveseven7seventwo4r
Concat: 24
Line: shlz9
TokenizedLine: shlz9
Concat: 99
Line: xxpgkqf9joneoneseven6
TokenizedLine: xxpgkqf9jone1oneoneseven7seven6
Concat: 96
Line: lpqvvzdbx27
TokenizedLine: lpqvvzdbx27
Concat: 27
Line: gh1five
TokenizedLine: gh1five5five
Concat: 15
Line: thzrmh2lpncngjrqrkmthlndl2six3
TokenizedLine: thzrmh2lpncngjrqrkmthlndl2six6six3
Concat: 23
Line: vrrhfour55
TokenizedLine: vrrhfour4four55
Concat: 45
Line: 665qzpzlhfvrbsgblcvgzbqqkxbdtzctwonerx
TokenizedLine: 665qzpzlhfvrbsgblcvgzbqqkxbdtzctwo2twone1onerx
Concat: 61
Line: five44
TokenizedLine: five5five44
Concat: 54
Line: kpvqnxnlfouronerp5417j
TokenizedLine: kpvqnxnlfour4fourone1onerp5417j
Concat: 47
Line: 4vxppbsfive235gqchjfhjsdgq
TokenizedLine: 4vxppbsfive5five235gqchjfhjsdgq
Concat: 45
Line: sixnine2lk8npzdbgcxvrd
TokenizedLine: six6sixnine9nine2lk8npzdbgcxvrd
Concat: 68
Line: 3six6eightseventwo71pff
TokenizedLine: 3six6six6eight8eightseven7seventwo2two71pff
Concat: 31
Line: zbr1srxljjseven5ckjfour
TokenizedLine: zbr1srxljjseven7seven5ckjfour4four
Concat: 14
Line: one71z3threenvmtcd
TokenizedLine: one1one71z3three3threenvmtcd
Concat: 13
Line: six9zdchbfsdtbs
TokenizedLine: six6six9zdchbfsdtbs
Concat: 69
Line: 2qhqnrcmrninedqfivejseven8
TokenizedLine: 2qhqnrcmrnine9ninedqfive5fivejseven7seven8
Concat: 28
Line: zrhctxclslhlj24jhhseveneight1
TokenizedLine: zrhctxclslhlj24jhhseven7seveneight8eight1
Concat: 21
Line: knkvthzrbtxbbnnpsfbq1ninefivesix
TokenizedLine: knkvthzrbtxbbnnpsfbq1nine9ninefive5fivesix6six
Concat: 16
Line: vhr28rlrtpjbnn7
TokenizedLine: vhr28rlrtpjbnn7
Concat: 27
Line: xcsjqrptg7one
TokenizedLine: xcsjqrptg7one1one
Concat: 71
Line: gzdjq2fourpqmzjs5sixtc
TokenizedLine: gzdjq2four4fourpqmzjs5six6sixtc
Concat: 26
Line: threedzbjqd3568
TokenizedLine: three3threedzbjqd3568
Concat: 38
Line: threesixgcjx3onefourdskrfhldjhm
TokenizedLine: three3threesix6sixgcjx3one1onefour4fourdskrfhldjhm
Concat: 34
Line: sixphnfkdtfxnvphxh3
TokenizedLine: six6sixphnfkdtfxnvphxh3
Concat: 63
Line: rxldfbssevenfivemxtdbnvgpq6xxmbkdkxkjmth
TokenizedLine: rxldfbsseven7sevenfive5fivemxtdbnvgpq6xxmbkdkxkjmth
Concat: 76
Line: five7five3four2qkrfmt
TokenizedLine: five5five7five3four4four2qkrfmt
Concat: 52
Line: 4fivefour
TokenizedLine: 4five5fivefour4four
Concat: 44
Line: fivenine35tzhpqfkq31
TokenizedLine: five5fivenine9nine35tzhpqfkq31
Concat: 51
Line: 9two2fourtwo8nlgzgbbp8
TokenizedLine: 9two2two2four4fourtwo8nlgzgbbp8
Concat: 98
Line: 1threeoneqglrlnmcblpfhgcfhggm
TokenizedLine: 1three3threeone1oneqglrlnmcblpfhgcfhggm
Concat: 11
Line: 7onerknmhpmonejzfqjng
TokenizedLine: 7one1onerknmhpmonejzfqjng
Concat: 71
Line: nine81twoshgxqt
TokenizedLine: nine9nine81two2twoshgxqt
Concat: 92
Line: 28dqfptxseven37jtqrklrqc
TokenizedLine: 28dqfptxseven7seven37jtqrklrqc
Concat: 27
Line: 41two3
TokenizedLine: 41two2two3
Concat: 43
Line: 7gp
TokenizedLine: 7gp
Concat: 77
Line: sixdzjfsv2sixeighteight
TokenizedLine: six6sixdzjfsv2sixeight8eighteight
Concat: 68
Line: 9three6
TokenizedLine: 9three3three6
Concat: 96
Line: 3fiveseven83tvtxf
TokenizedLine: 3five5fiveseven7seven83tvtxf
Concat: 33
Line: ndtwone562kzfhdrhgcjv4two
TokenizedLine: ndtwo2twone1one562kzfhdrhgcjv4two
Concat: 24
Line: jzvtjvnineeight42keightclbtddmdffsdttc
TokenizedLine: jzvtjvnine9nineeight8eight42keightclbtddmdffsdttc
Concat: 92
Line: eight41mggmrzlkhsevenfoursix4two
TokenizedLine: eight8eight41mggmrzlkhseven7sevenfour4foursix6six4two2two
Concat: 82
Line: rkllqvfjz13sixthreetdztlhlcldoneightj
TokenizedLine: rkllqvfjz13six6sixthree3threetdztlhlcldone1oneight8eightj
Concat: 18
Line: 7three4fbccblfvninelhvlthgh
TokenizedLine: 7three3three4fbccblfvnine9ninelhvlthgh
Concat: 79
Line: btwone96two1onexconeonefour
TokenizedLine: btwo2twone1one96two1onexconeonefour4four
Concat: 24
Line: jcvxrvkdsb6five
TokenizedLine: jcvxrvkdsb6five5five
Concat: 65
Line: 578947five
TokenizedLine: 578947five5five
Concat: 55
Line: 1819p
TokenizedLine: 1819p
Concat: 19
Line: lgvxmnjkgmlkhkzrone6gnbgkxrlpspj2six
TokenizedLine: lgvxmnjkgmlkhkzrone1one6gnbgkxrlpspj2six6six
Concat: 16
Line: ntzsdxn8
TokenizedLine: ntzsdxn8
Concat: 88
Line: mplcrhcz8
TokenizedLine: mplcrhcz8
Concat: 88
Line: czggpkxcfthreefourjpcxnine4pvfqxcvh38
TokenizedLine: czggpkxcfthree3threefour4fourjpcxnine9nine4pvfqxcvh38
Concat: 38
Line: 9dsfhtnrjv16
TokenizedLine: 9dsfhtnrjv16
Concat: 96
Line: 2ceighteight4ptzneight
TokenizedLine: 2ceight8eighteight4ptzneight
Concat: 24
Line: 2two8jvsgrtrht7lhxkdztqdhvcsdm
TokenizedLine: 2two2two8jvsgrtrht7lhxkdztqdhvcsdm
Concat: 27
Line: 619six
TokenizedLine: 619six6six
Concat: 66
Line: cqmqkhpxjtwofm9one1one48
TokenizedLine: cqmqkhpxjtwo2twofm9one1one1one48
Concat: 28
Line: 2nqbksgxxfoureightfiveeightbbvg
TokenizedLine: 2nqbksgxxfour4foureight8eightfive5fiveeightbbvg
Concat: 25
Line: five5nineskphfdgxbp67
TokenizedLine: five5five5nine9nineskphfdgxbp67
Concat: 57
Line: gsevenqgcsk9ninehlccsxn
TokenizedLine: gseven7sevenqgcsk9nine9ninehlccsxn
Concat: 79
Line: pnqcdjknth94three4sevenninefivegl
TokenizedLine: pnqcdjknth94three3three4seven7sevennine9ninefive5fivegl
Concat: 95
Line: eight9mnsb6
TokenizedLine: eight8eight9mnsb6
Concat: 86
Line: fzsfcbbvvqnksj85fbfour2cn
TokenizedLine: fzsfcbbvvqnksj85fbfour4four2cn
Concat: 82
Line: 1kjzphbpp3spnbzhzeighthdnrdq
TokenizedLine: 1kjzphbpp3spnbzhzeight8eighthdnrdq
Concat: 18
Line: 4nsglzjbk1
TokenizedLine: 4nsglzjbk1
Concat: 41
Line: threetwoninethree2ninehm
TokenizedLine: three3threetwo2twonine9ninethree2ninehm
Concat: 32
Line: 35oneljcsixlmdxpxk1
TokenizedLine: 35one1oneljcsix6sixlmdxpxk1
Concat: 31
Line: jsix2
TokenizedLine: jsix6six2
Concat: 62
Line: tgkfk8ninestnk2eightoneeightwotcs
TokenizedLine: tgkfk8nine9ninestnk2eight8eightone1oneeightwo2twotcs
Concat: 82
Line: chhflbq1xznbmj4oneightkc
TokenizedLine: chhflbq1xznbmj4one1oneight8eightkc
Concat: 18
Line: 3eighteightfivenine
TokenizedLine: 3eight8eighteightfive5fivenine9nine
Concat: 39
Line: six592bzj
TokenizedLine: six6six592bzj
Concat: 62
Line: xnqnxkpseventhreettv8jkds
TokenizedLine: xnqnxkpseven7seventhree3threettv8jkds
Concat: 78
Line: honeighttpqxdbhsevengvzfourd4s5
TokenizedLine: hone1oneight8eighttpqxdbhseven7sevengvzfour4fourd4s5
Concat: 15
Line: sixeight8
TokenizedLine: six6sixeight8eight8
Concat: 68
Line: pcflsgrvslxgmtqm6oneeight69zhlpddq
TokenizedLine: pcflsgrvslxgmtqm6one1oneeight8eight69zhlpddq
Concat: 69
Line: nqgeightthreelzcppk2vzdjrjqqx41
TokenizedLine: nqgeight8eightthree3threelzcppk2vzdjrjqqx41
Concat: 81
Line: dqdcmtzbqeightfoureightthree7four3
TokenizedLine: dqdcmtzbqeight8eightfour4foureightthree3three7four3
Concat: 83
Line: ninesixhxrncgtwofivetwo5eightrvq
TokenizedLine: nine9ninesix6sixhxrncgtwo2twofive5fivetwo5eight8eightrvq
Concat: 98
Line: kzxgsfive644lthreefive
TokenizedLine: kzxgsfive5five644lthree3threefive
Concat: 53
Line: nine2one14four7
TokenizedLine: nine9nine2one1one14four4four7
Concat: 97
Line: 59gjc8fivetvjcjcq
TokenizedLine: 59gjc8five5fivetvjcjcq
Concat: 55
Line: lczn92c
TokenizedLine: lczn92c
Concat: 92
Line: 3seven9tprznnsmznineqbpchxlnbqkssgqx1
TokenizedLine: 3seven7seven9tprznnsmznine9nineqbpchxlnbqkssgqx1
Concat: 31
Line: 3m22nine7
TokenizedLine: 3m22nine9nine7
Concat: 37
Line: 3mhzbqtscqrkjzjqtklxdn1
TokenizedLine: 3mhzbqtscqrkjzjqtklxdn1
Concat: 31
Line: 61pnjkfournine5
TokenizedLine: 61pnjkfour4fournine9nine5
Concat: 65
Line: 41one
TokenizedLine: 41one1one
Concat: 41
Line: 99twonzsjsqk7fivedjlcgzjrfive
TokenizedLine: 99two2twonzsjsqk7five5fivedjlcgzjrfive
Concat: 95
Line: twoninexngksevenfive7xxrxpvq
TokenizedLine: two2twonine9ninexngkseven7sevenfive5five7xxrxpvq
Concat: 27
Line: 1mfnggsgvqmplg5mrqmzsclpmeight
TokenizedLine: 1mfnggsgvqmplg5mrqmzsclpmeight8eight
Concat: 18
Line: 2ddgfivehxddfxbdfsseveneight
TokenizedLine: 2ddgfive5fivehxddfxbdfsseven7seveneight8eight
Concat: 28
Line: 4nine579three13
TokenizedLine: 4nine9nine579three3three13
Concat: 43
Line: fiveonethree44one
TokenizedLine: five5fiveone1onethree3three44one
Concat: 54
Line: 11four
TokenizedLine: 11four4four
Concat: 14
Line: cgqrbzdl6mnmvh6
TokenizedLine: cgqrbzdl6mnmvh6
Concat: 66
Line: qmzeightwosevenflbh72nine2
TokenizedLine: qmzeight8eightwo2twoseven7sevenflbh72nine9nine2
Concat: 82
Line: six59one9two1cvzslmdch4
TokenizedLine: six6six59one1one9two2two1cvzslmdch4
Concat: 64
Line: fivesixtwo8
TokenizedLine: five5fivesix6sixtwo2two8
Concat: 58
Line: sixxvczqbbvctgmsjnffmfourfbr56
TokenizedLine: six6sixxvczqbbvctgmsjnffmfour4fourfbr56
Concat: 66
Line: 6seven5hndfourfcnone5
TokenizedLine: 6seven7seven5hndfour4fourfcnone1one5
Concat: 65
Line: qdnjmcxtfgpk6eight
TokenizedLine: qdnjmcxtfgpk6eight8eight
Concat: 68
Line: three24two7threetwoprztmh
TokenizedLine: three3three24two2two7threetwoprztmh
Concat: 37
Line: foursevencfzcdzksevengh6nsnine3
TokenizedLine: four4fourseven7sevencfzcdzksevengh6nsnine9nine3
Concat: 43
Line: sixseven4lmqshqzmk
TokenizedLine: six6sixseven7seven4lmqshqzmk
Concat: 64
Line: xhrjx9eight
TokenizedLine: xhrjx9eight8eight
Concat: 98
Line: twodmcxbsn924
TokenizedLine: two2twodmcxbsn924
Concat: 24
Line: 2zmcjlhqj4sevensjlnjjx4
TokenizedLine: 2zmcjlhqj4seven7sevensjlnjjx4
Concat: 24
Line: pctwolxqvjsjdlfx8eighteightsevenhq
TokenizedLine: pctwo2twolxqvjsjdlfx8eight8eighteightseven7sevenhq
Concat: 27
Line: sgzzd5five87threershbhmqlbm9eightwoq
TokenizedLine: sgzzd5five5five87three3threershbhmqlbm9eight8eightwo2twoq
Concat: 52
Line: tlzmzt6jg7fiveeightgc
TokenizedLine: tlzmzt6jg7five5fiveeight8eightgc
Concat: 68
Line: svlthlbrfive2fourdbfp9trvbjthvvthreetwo
TokenizedLine: svlthlbrfive5five2four4fourdbfp9trvbjthvvthree3threetwo2two
Concat: 52
Line: nlqnmffxlsblnncqgcgsnkt7fjhfksvfxeight
TokenizedLine: nlqnmffxlsblnncqgcgsnkt7fjhfksvfxeight8eight
Concat: 78
Line: hljgks3hfour5lzzpzpjpgdhzflrnqpfzjsfc
TokenizedLine: hljgks3hfour4four5lzzpzpjpgdhzflrnqpfzjsfc
Concat: 35
Line: 9eightfive
TokenizedLine: 9eight8eightfive5five
Concat: 95
Line: eightsb215qkphjjdrlg3
TokenizedLine: eight8eightsb215qkphjjdrlg3
Concat: 83
Line: four7three
TokenizedLine: four4four7three3three
Concat: 43
Line: nine2eightrqh21
TokenizedLine: nine9nine2eight8eightrqh21
Concat: 91
Line: tnine8txbm121three
TokenizedLine: tnine9nine8txbm121three3three
Concat: 93
Line: two1h495skpvbzsixnine
TokenizedLine: two2two1h495skpvbzsix6sixnine9nine
Concat: 29
Line: 73five61pzlscqn2nine
TokenizedLine: 73five5five61pzlscqn2nine9nine
Concat: 79
Line: threeeight3ffnjgk2mprkn9ninebqlvkl
TokenizedLine: three3threeeight8eight3ffnjgk2mprkn9nine9ninebqlvkl
Concat: 39
Line: 58four
TokenizedLine: 58four4four
Concat: 54
Line: 4pzb35twotldtcq363
TokenizedLine: 4pzb35two2twotldtcq363
Concat: 43
Line: jnzdhlzx4fvsjsffsxn45seventhree2
TokenizedLine: jnzdhlzx4fvsjsffsxn45seven7seventhree3three2
Concat: 42
Line: nsfrqntjhpq4qstwotwoonehs
TokenizedLine: nsfrqntjhpq4qstwo2twotwoone1onehs
Concat: 41
Line: fiveonethree5rnmlz
TokenizedLine: five5fiveone1onethree3three5rnmlz
Concat: 55
Line: seven18jjcdcg
TokenizedLine: seven7seven18jjcdcg
Concat: 78
Line: threesevenqqbrkbpzeightninethreefive1three
TokenizedLine: three3threeseven7sevenqqbrkbpzeight8eightnine9ninethreefive5five1three
Concat: 31
Line: eight98
TokenizedLine: eight8eight98
Concat: 88
Line: eightonetzggcjvpml2twoxlznrn
TokenizedLine: eight8eightone1onetzggcjvpml2two2twoxlznrn
Concat: 82
Line: 4dmndcrsc
TokenizedLine: 4dmndcrsc
Concat: 44
Line: 9oneseventb
TokenizedLine: 9one1oneseven7seventb
Concat: 97
Line: 5pkf8zzmvfive6
TokenizedLine: 5pkf8zzmvfive5five6
Concat: 56
Line: rdlnxcx3nineqjpldqtwodkctfnn
TokenizedLine: rdlnxcx3nine9nineqjpldqtwo2twodkctfnn
Concat: 32
Line: 8mpmgzgshszbcnrpzcszltd
TokenizedLine: 8mpmgzgshszbcnrpzcszltd
Concat: 88
Line: 2jvkc3
TokenizedLine: 2jvkc3
Concat: 23
Line: rc6clvgbz6bbtlzeight5
TokenizedLine: rc6clvgbz6bbtlzeight8eight5
Concat: 65
Line: frnhbsgzpfeightqkt2ninethreetcnklsctc
TokenizedLine: frnhbsgzpfeight8eightqkt2nine9ninethree3threetcnklsctc
Concat: 83
Line: threefivevgzhh2
TokenizedLine: three3threefive5fivevgzhh2
Concat: 32
Line: tjoneightone9three9dkbnh
TokenizedLine: tjone1oneight8eightone9three3three9dkbnh
Concat: 19
Line: hv7hpx
TokenizedLine: hv7hpx
Concat: 77
Line: 7onetwozrl7fbxhqgrbtoneightpzv
TokenizedLine: 7one1onetwo2twozrl7fbxhqgrbtoneight8eightpzv
Concat: 78
Line: 3mtdnphsvtrrfeight9sevenfivethreedjcdxg
TokenizedLine: 3mtdnphsvtrrfeight8eight9seven7sevenfive5fivethree3threedjcdxg
Concat: 33
Line: pqjcfjsix4tsxcthzbqzhklqncvb
TokenizedLine: pqjcfjsix6six4tsxcthzbqzhklqncvb
Concat: 64
Line: fgrzvnnk3cfrxp6tsb1
TokenizedLine: fgrzvnnk3cfrxp6tsb1
Concat: 31
Line: czfdsjffqqrcgffx7seven
TokenizedLine: czfdsjffqqrcgffx7seven7seven
Concat: 77
Line: 56jdtwo
TokenizedLine: 56jdtwo2two
Concat: 52
Line: sixxvjjmpcttwo7ninechbzv
TokenizedLine: six6sixxvjjmpcttwo2two7nine9ninechbzv
Concat: 69
Line: 8qckktnslsvrmpctknine91
TokenizedLine: 8qckktnslsvrmpctknine9nine91
Concat: 81
Line: 4two9fivefshxvdfbdr
TokenizedLine: 4two2two9five5fivefshxvdfbdr
Concat: 45
Line: 7sixtwo4rjspztpx
TokenizedLine: 7six6sixtwo2two4rjspztpx
Concat: 74
Line: 8onethreestjxv
TokenizedLine: 8one1onethree3threestjxv
Concat: 83
Line: 3lvhvlnthreeonetwo323
TokenizedLine: 3lvhvlnthree3threeone1onetwo2two323
Concat: 33
Line: hxjcbtrtcdgvg22ztn6xxnsdbffour
TokenizedLine: hxjcbtrtcdgvg22ztn6xxnsdbffour4four
Concat: 24
Line: twolzone34crrcpcdb4
TokenizedLine: two2twolzone1one34crrcpcdb4
Concat: 24
Line: fourjhghcseven9gtmxrpbpxthreehkpfour5
TokenizedLine: four4fourjhghcseven7seven9gtmxrpbpxthree3threehkpfour5
Concat: 45
Line: qdrxfdlqtf4342threemlpb4d
TokenizedLine: qdrxfdlqtf4342three3threemlpb4d
Concat: 44
Line: nine6nfnrgd52jnqfourbzkgbxlvlmr
TokenizedLine: nine9nine6nfnrgd52jnqfour4fourbzkgbxlvlmr
Concat: 94
Line: sevensixonem5two4
TokenizedLine: seven7sevensix6sixone1onem5two2two4
Concat: 74
Line: 64one1nmxbmsq
TokenizedLine: 64one1one1nmxbmsq
Concat: 61
Line: fiveftmrkpmjthreekvsfqjchvf9two
TokenizedLine: five5fiveftmrkpmjthree3threekvsfqjchvf9two2two
Concat: 52
Line: ninepffbfjhjtg4grnzztqnfiveseven
TokenizedLine: nine9ninepffbfjhjtg4grnzztqnfive5fiveseven7seven
Concat: 97
Line: 1gkvsgsrrxvdfdtsrlgfthreedsrprjft3
TokenizedLine: 1gkvsgsrrxvdfdtsrlgfthree3threedsrprjft3
Concat: 13
Line: foursixsevenninepxllctr4khsfxfvnine
TokenizedLine: four4foursix6sixseven7sevennine9ninepxllctr4khsfxfvnine
Concat: 44
Line: onebfpbqmpmm6
TokenizedLine: one1onebfpbqmpmm6
Concat: 16
Line: cgkblkxtr2thqsixsixthree
TokenizedLine: cgkblkxtr2thqsix6sixsixthree3three
Concat: 23
Line: qqfkvsntgf687
TokenizedLine: qqfkvsntgf687
Concat: 67
Line: fournine2twotlvqhlrtbmckqlljhssevenghhttkvf2
TokenizedLine: four4fournine9nine2two2twotlvqhlrtbmckqlljhsseven7sevenghhttkvf2
Concat: 42
Line: ninenrvhhleightkxbzcmx2sevenvzsncp
TokenizedLine: nine9ninenrvhhleight8eightkxbzcmx2seven7sevenvzsncp
Concat: 97
Line: eight766sixoneseven
TokenizedLine: eight8eight766six6sixone1oneseven7seven
Concat: 87
Line: 8eight61gsxklbp
TokenizedLine: 8eight8eight61gsxklbp
Concat: 81
Line: 2ptzkzxsnsix9one
TokenizedLine: 2ptzkzxsnsix6six9one1one
Concat: 21
Line: six9vfourseven5brmclpeight
TokenizedLine: six6six9vfour4fourseven7seven5brmclpeight8eight
Concat: 68
Line: 821
TokenizedLine: 821
Concat: 81
Line: one6hcsxp5njsthreesevenfive
TokenizedLine: one1one6hcsxp5njsthree3threeseven7sevenfive5five
Concat: 15
Line: pcf2
TokenizedLine: pcf2
Concat: 22
Line: eightgxsjc456
TokenizedLine: eight8eightgxsjc456
Concat: 86
Line: threeseven57htjtqxbbdh
TokenizedLine: three3threeseven7seven57htjtqxbbdh
Concat: 37
Line: 6twomsbq
TokenizedLine: 6two2twomsbq
Concat: 62
Line: gzknkt1twopccfh
TokenizedLine: gzknkt1two2twopccfh
Concat: 12
Line: 7vpzmnt
TokenizedLine: 7vpzmnt
Concat: 77
Line: 8fiveqfzgbnxgnh
TokenizedLine: 8five5fiveqfzgbnxgnh
Concat: 85
Line: onepvtddfzn2three
TokenizedLine: one1onepvtddfzn2three3three
Concat: 13
Line: 5ninesix85
TokenizedLine: 5nine9ninesix6six85
Concat: 55
Line: onejkgppztbmrbfqqrjzp24one
TokenizedLine: one1onejkgppztbmrbfqqrjzp24one
Concat: 14
Line: k3six817dvvjgqlnkd
TokenizedLine: k3six6six817dvvjgqlnkd
Concat: 37
Line: zzvkseven9sixqxr4
TokenizedLine: zzvkseven7seven9six6sixqxr4
Concat: 74
Line: lpgdnglg3threemtltwo
TokenizedLine: lpgdnglg3three3threemtltwo2two
Concat: 32
Line: three9qfour8rxlzjllnskeight2t
TokenizedLine: three3three9qfour4four8rxlzjllnskeight8eight2t
Concat: 32
Line: sfxgmjzqs2cbqtwo5
TokenizedLine: sfxgmjzqs2cbqtwo2two5
Concat: 25
Line: one36
TokenizedLine: one1one36
Concat: 16
Line: 2tdknkgfhpj1nine9rtsjrjdlsix
TokenizedLine: 2tdknkgfhpj1nine9nine9rtsjrjdlsix6six
Concat: 26
Line: 59jvsoneninethree
TokenizedLine: 59jvsone1onenine9ninethree3three
Concat: 53
Line: fzjvgpsqrsninenlpxzbone6
TokenizedLine: fzjvgpsqrsnine9ninenlpxzbone1one6
Concat: 96
Line: fourkllsixbfive6fourone4
TokenizedLine: four4fourkllsix6sixbfive5five6fourone1one4
Concat: 44
Line: seven52zchsttccn3three7
TokenizedLine: seven7seven52zchsttccn3three3three7
Concat: 77
Line: 6ncvnflrdqbfourx64nine
TokenizedLine: 6ncvnflrdqbfour4fourx64nine9nine
Concat: 69
Line: 2vrhdchccppdseven4qkdghrjrxbdlfplc6
TokenizedLine: 2vrhdchccppdseven7seven4qkdghrjrxbdlfplc6
Concat: 26
Line: 5cbdfvxxtwoone38dmjngzqlf
TokenizedLine: 5cbdfvxxtwo2twoone1one38dmjngzqlf
Concat: 58
Line: fsqgt6jqdqdj7cfdzrfd
TokenizedLine: fsqgt6jqdqdj7cfdzrfd
Concat: 67
Line: 9zqfiveznnmghtrtwozqbeight
TokenizedLine: 9zqfive5fiveznnmghtrtwo2twozqbeight8eight
Concat: 98
Line: twoninexmxnpbvtkn1tjzdsxjvbd
TokenizedLine: two2twonine9ninexmxnpbvtkn1tjzdsxjvbd
Concat: 21
Line: 6fournine
TokenizedLine: 6four4fournine9nine
Concat: 69
Line: 15twotwo35kbbpcxbsmb9five
TokenizedLine: 15two2twotwo35kbbpcxbsmb9five5five
Concat: 15
Line: 1two29dppbcqkxgq
TokenizedLine: 1two2two29dppbcqkxgq
Concat: 19
Line: six7sixpqqmdjlcgzrrnvkqfqmllqlbmfnvlnzjcs8
TokenizedLine: six6six7sixpqqmdjlcgzrrnvkqfqmllqlbmfnvlnzjcs8
Concat: 68
Line: jhtgltv2qzhnkm2three8nine
TokenizedLine: jhtgltv2qzhnkm2three3three8nine9nine
Concat: 29
Line: mrttwonetjrt2eightoneqqgvllgpqqbpd
TokenizedLine: mrttwo2twone1onetjrt2eight8eightoneqqgvllgpqqbpd
Concat: 28
Line: hhtnb72
TokenizedLine: hhtnb72
Concat: 72
Line: sdzhtjmnkdtpfsfnsnk7rtwo
TokenizedLine: sdzhtjmnkdtpfsfnsnk7rtwo2two
Concat: 72
Line: 3sixsrqsjsts643five
TokenizedLine: 3six6sixsrqsjsts643five5five
Concat: 35
Line: 338twomnqtwo4cl2
TokenizedLine: 338two2twomnqtwo4cl2
Concat: 32
Line: hgggrn2kvgkvrhngxx2xzmqsdpzbsxfqhg
TokenizedLine: hgggrn2kvgkvrhngxx2xzmqsdpzbsxfqhg
Concat: 22
Line: hctwonefivenine4tnsixsfxlvppm17fvq
TokenizedLine: hctwo2twone1onefive5fivenine9nine4tnsix6sixsfxlvppm17fvq
Concat: 27
Line: six3blppkhpjtr
TokenizedLine: six6six3blppkhpjtr
Concat: 63
Line: trrxmdnhzsix47
TokenizedLine: trrxmdnhzsix6six47
Concat: 67
Line: 5vsrhlvqpttwojczmeight
TokenizedLine: 5vsrhlvqpttwo2twojczmeight8eight
Concat: 58
Line: rzgrzbkk87nine
TokenizedLine: rzgrzbkk87nine9nine
Concat: 89
Line: trgfsq1ninefour
TokenizedLine: trgfsq1nine9ninefour4four
Concat: 14
Line: lxbvlbpjz4eightsix
TokenizedLine: lxbvlbpjz4eight8eightsix6six
Concat: 46
Line: 6zmmvchcgjqsrthkgc92
TokenizedLine: 6zmmvchcgjqsrthkgc92
Concat: 62
Line: 9thfthreemxlbt
TokenizedLine: 9thfthree3threemxlbt
Concat: 93
Line: eightpkhgpcnc8eightfive1hdtcjjdcsevennpz
TokenizedLine: eight8eightpkhgpcnc8eightfive5five1hdtcjjdcseven7sevennpz
Concat: 87
Line: fivepprkhhtg9cdfqhsqfivejsrxzvknndnvq
TokenizedLine: five5fivepprkhhtg9cdfqhsqfivejsrxzvknndnvq
Concat: 59
Line: qfvjvgeight2vbpjnftcttwonegn
TokenizedLine: qfvjvgeight8eight2vbpjnftcttwo2twone1onegn
Concat: 81
Line: twolnln7pnlsxthfjpfivenine
TokenizedLine: two2twolnln7pnlsxthfjpfive5fivenine9nine
Concat: 29
Line: hlseightwoone6qvcrsrttg1three7six
TokenizedLine: hlseight8eightwo2twoone1one6qvcrsrttg1three3three7six6six
Concat: 86
Line: 8xcsllfrlx6one7eight
TokenizedLine: 8xcsllfrlx6one1one7eight8eight
Concat: 88
Line: fiveshnmbngmrnineqjjlvdrfnsmpdnine4c
TokenizedLine: five5fiveshnmbngmrnine9nineqjjlvdrfnsmpdnine4c
Concat: 54
Line: three2rcfcrgmrvsjzcflqkb6487four
TokenizedLine: three3three2rcfcrgmrvsjzcflqkb6487four4four
Concat: 34
Line: threelnbxcrhglnine534
TokenizedLine: three3threelnbxcrhglnine9nine534
Concat: 34
Line: 5flztcjjeight7sevenfb
TokenizedLine: 5flztcjjeight8eight7seven7sevenfb
Concat: 57
Line: qgbplxgtdkrqqsvjntwothreens48eight
TokenizedLine: qgbplxgtdkrqqsvjntwo2twothree3threens48eight8eight
Concat: 28
Line: five34rbbxpnkftntrt
TokenizedLine: five5five34rbbxpnkftntrt
Concat: 54
Line: nmjtwonek4
TokenizedLine: nmjtwo2twone1onek4
Concat: 24
Line: cdnxnppnvthreexcsmbmcslh8ninefive1
TokenizedLine: cdnxnppnvthree3threexcsmbmcslh8nine9ninefive5five1
Concat: 31
Line: 6lttndjpcchdpgkfmmf
TokenizedLine: 6lttndjpcchdpgkfmmf
Concat: 66
Line: oneeight88
TokenizedLine: one1oneeight8eight88
Concat: 18
Line: three4xctmtvvcp3sstxzfmgnine
TokenizedLine: three3three4xctmtvvcp3sstxzfmgnine9nine
Concat: 39
Line: 6fivefivevnpnpknljlfp6lone3
TokenizedLine: 6five5fivefivevnpnpknljlfp6lone1one3
Concat: 63
Line: one486twojknbmsqthree8
TokenizedLine: one1one486two2twojknbmsqthree3three8
Concat: 18
Line: fkxfourfourlpslcbbtk29
TokenizedLine: fkxfour4fourfourlpslcbbtk29
Concat: 49
Line: 6seveneight19four
TokenizedLine: 6seven7seveneight8eight19four4four
Concat: 64
Line: fvcseven8hzlrgpmgfj136
TokenizedLine: fvcseven7seven8hzlrgpmgfj136
Concat: 76
Line: sixfour9tn1tfmzkdjxxj
TokenizedLine: six6sixfour4four9tn1tfmzkdjxxj
Concat: 61
Line: ffvmfqmsnineeight5
TokenizedLine: ffvmfqmsnine9nineeight8eight5
Concat: 95
Line: ninestmzctrthreesixqdbbvtkjfxpjpgzvpthree7zsfmsvsgxn
TokenizedLine: nine9ninestmzctrthree3threesix6sixqdbbvtkjfxpjpgzvpthree7zsfmsvsgxn
Concat: 97
Line: rz2eight6655
TokenizedLine: rz2eight8eight6655
Concat: 25
Line: vhzqvbxr6eightninetwoeight66
TokenizedLine: vhzqvbxr6eight8eightnine9ninetwo2twoeight66
Concat: 66
Line: 2fiveeight7seven2
TokenizedLine: 2five5fiveeight8eight7seven7seven2
Concat: 22
Line: 5six6vkvdbjnhbdht5rqhkfour
TokenizedLine: 5six6six6vkvdbjnhbdht5rqhkfour4four
Concat: 54
Line: eightrntwocdchshssevenone2dxhmccpn
TokenizedLine: eight8eightrntwo2twocdchshsseven7sevenone1one2dxhmccpn
Concat: 82
Line: three4gsgleightxvgjpvqshlfzntwo43
TokenizedLine: three3three4gsgleight8eightxvgjpvqshlfzntwo2two43
Concat: 33
Line: 9four5onebqlcmrrkvnine45
TokenizedLine: 9four4four5one1onebqlcmrrkvnine9nine45
Concat: 95
Line: mtkkbxbfour5onemnxcglq
TokenizedLine: mtkkbxbfour4four5one1onemnxcglq
Concat: 41
Line: one18482sevenpkgxmfour
TokenizedLine: one1one18482seven7sevenpkgxmfour4four
Concat: 14
Line: two3threexggpjbncmkvmd1
TokenizedLine: two2two3three3threexggpjbncmkvmd1
Concat: 21
Line: oneseven9
TokenizedLine: one1oneseven7seven9
Concat: 19
Line: 679b
TokenizedLine: 679b
Concat: 69
Line: 7vc9threenine3
TokenizedLine: 7vc9three3threenine9nine3
Concat: 73
Line: one35x
TokenizedLine: one1one35x
Concat: 15
Line: 4eightthree9
TokenizedLine: 4eight8eightthree3three9
Concat: 49
Line: 1hclxskfgjfhvjtgqsztp
TokenizedLine: 1hclxskfgjfhvjtgqsztp
Concat: 11
Line: eight38d84fm
TokenizedLine: eight8eight38d84fm
Concat: 84
Line: fiveone6five1five
TokenizedLine: five5fiveone1one6five1five
Concat: 51
Line: qjpptvfsrs614fourssdrxtpqfz7
TokenizedLine: qjpptvfsrs614four4fourssdrxtpqfz7
Concat: 67
Line: 9qnrkp
TokenizedLine: 9qnrkp
Concat: 99
Line: six4one1zxhllkcd
TokenizedLine: six6six4one1one1zxhllkcd
Concat: 61
Line: six1fourtwormz7vxfbhmg
TokenizedLine: six6six1four4fourtwo2twormz7vxfbhmg
Concat: 67
Line: one3jxcjzz9
TokenizedLine: one1one3jxcjzz9
Concat: 19
Line: vzmtgdhpjneight83fivepcd
TokenizedLine: vzmtgdhpjneight8eight83five5fivepcd
Concat: 85
Line: onexqhvqpvmncljmssix4twoseven
TokenizedLine: one1onexqhvqpvmncljmssix6six4two2twoseven7seven
Concat: 17
Line: threeninenine2hg
TokenizedLine: three3threenine9ninenine2hg
Concat: 32
Line: bvjvgtdhjstsevengtbnqf4seven8two
TokenizedLine: bvjvgtdhjstseven7sevengtbnqf4seven8two2two
Concat: 72
Line: twooneone5lrjpptxzd
TokenizedLine: two2twoone1oneone5lrjpptxzd
Concat: 25
Line: hzlb1
TokenizedLine: hzlb1
Concat: 11
Line: nhrbfltwosix22rdjthctone
TokenizedLine: nhrbfltwo2twosix6six22rdjthctone1one
Concat: 21
Line: seven7eightthreepgj
TokenizedLine: seven7seven7eight8eightthree3threepgj
Concat: 73
Line: fourfive45
TokenizedLine: four4fourfive5five45
Concat: 45
Line: nztwohnx3nine
TokenizedLine: nztwo2twohnx3nine9nine
Concat: 29
Line: fourhfxgmkcgbppdjkqpx2ninezdkbncsevengbdxb
TokenizedLine: four4fourhfxgmkcgbppdjkqpx2nine9ninezdkbncseven7sevengbdxb
Concat: 47
Line: sbzdcpxnine3nine
TokenizedLine: sbzdcpxnine9nine3nine
Concat: 93
Line: 8grdrone78
TokenizedLine: 8grdrone1one78
Concat: 88
Line: 1eightjldlllrxl2
TokenizedLine: 1eight8eightjldlllrxl2
Concat: 12
Line: 588onethreesixlpdkxfc
TokenizedLine: 588one1onethree3threesix6sixlpdkxfc
Concat: 56
Line: vvvjrnzbfxgzxqlxx6vcqkkftxkdttnhpzrvtwo
TokenizedLine: vvvjrnzbfxgzxqlxx6vcqkkftxkdttnhpzrvtwo2two
Concat: 62
Line: 3llpjrhrone5ninemdqjnpllprkphk
TokenizedLine: 3llpjrhrone1one5nine9ninemdqjnpllprkphk
Concat: 39
Line: 44pmxlrhsdsvsfxtg6
TokenizedLine: 44pmxlrhsdsvsfxtg6
Concat: 46
Line: nine841jvpl
TokenizedLine: nine9nine841jvpl
Concat: 91
Line: eightbpsqrkzhqbhjlrxmzsixvvmgtrseventwo7oneightjbx
TokenizedLine: eight8eightbpsqrkzhqbhjlrxmzsix6sixvvmgtrseven7seventwo2two7one1oneightjbx
Concat: 81
Line: znhjtgjk1three8
TokenizedLine: znhjtgjk1three3three8
Concat: 18
Line: 5xcsvvvzrqcxkqj346oneprztsfpdld6
TokenizedLine: 5xcsvvvzrqcxkqj346one1oneprztsfpdld6
Concat: 56
Line: 67six1four1kqj
TokenizedLine: 67six6six1four4four1kqj
Concat: 61
Line: qvqlmqtzcj5
TokenizedLine: qvqlmqtzcj5
Concat: 55
Line: ninejrrhddqfivenine7psghccdhvfive
TokenizedLine: nine9ninejrrhddqfive5fivenine7psghccdhvfive
Concat: 97
Line: pznvtxdklpvqbsevenfiveninehzjfvrdxz8
TokenizedLine: pznvtxdklpvqbseven7sevenfive5fivenine9ninehzjfvrdxz8
Concat: 78
Line: eight46xpfdcqbmprchftkpfive
TokenizedLine: eight8eight46xpfdcqbmprchftkpfive5five
Concat: 85
Line: bkdvhbhlmn1
TokenizedLine: bkdvhbhlmn1
Concat: 11
Line: 99sixv
TokenizedLine: 99six6sixv
Concat: 96
Line: gdoneight26pzghbjfeightttfbvhltwo8
TokenizedLine: gdone1oneight8eight26pzghbjfeightttfbvhltwo2two8
Concat: 18
Line: three5nhd
TokenizedLine: three3three5nhd
Concat: 35
Line: three5nine
TokenizedLine: three3three5nine9nine
Concat: 39
Line: four9csdvvfdbkseven26peight
TokenizedLine: four4four9csdvvfdbkseven7seven26peight8eight
Concat: 48
Line: sevennszdbkkfdndjtzzpjmtqbxlkv43vxlnnrn
TokenizedLine: seven7sevennszdbkkfdndjtzzpjmtqbxlkv43vxlnnrn
Concat: 73
Line: 4fourpxzkmfksix39
TokenizedLine: 4four4fourpxzkmfksix6six39
Concat: 49
Line: 9hz8crczlbbhkrsjblzd1q9jsbf
TokenizedLine: 9hz8crczlbbhkrsjblzd1q9jsbf
Concat: 99
Line: 443twofour88one
TokenizedLine: 443two2twofour4four88one1one
Concat: 41
Line: 2tpmlxltgsix
TokenizedLine: 2tpmlxltgsix6six
Concat: 26
Line: 83835six
TokenizedLine: 83835six6six
Concat: 86
Line: 8twojvsgjtqvxgsevennjdvdbqccmgcldp
TokenizedLine: 8two2twojvsgjtqvxgseven7sevennjdvdbqccmgcldp
Concat: 87
Line: fivebpknnpxnjmpxntbhkjsp4fivefour
TokenizedLine: five5fivebpknnpxnjmpxntbhkjsp4fivefour4four
Concat: 54
Line: hvxnseven6two64five2six
TokenizedLine: hvxnseven7seven6two2two64five5five2six6six
Concat: 76
Line: 5twoonefive
TokenizedLine: 5two2twoone1onefive5five
Concat: 55
Line: jzkd6hvcmfqsjztsixfivexlfrvn
TokenizedLine: jzkd6hvcmfqsjztsix6sixfive5fivexlfrvn
Concat: 65
Line: xfbcskone12jvvbflfn
TokenizedLine: xfbcskone1one12jvvbflfn
Concat: 12
Line: ninellrbqhshsxeight7two
TokenizedLine: nine9ninellrbqhshsxeight8eight7two2two
Concat: 92
Line: 4nine79jdkfkgvcr1
TokenizedLine: 4nine9nine79jdkfkgvcr1
Concat: 41
Line: eight8twoltnpxckbqxnfbxtthree49
TokenizedLine: eight8eight8two2twoltnpxckbqxnfbxtthree3three49
Concat: 89
Line: ctkfveight8
TokenizedLine: ctkfveight8eight8
Concat: 88
Line: nine671seventwotwonejkf
TokenizedLine: nine9nine671seven7seventwo2twotwone1onejkf
Concat: 91
Line: 5threesix
TokenizedLine: 5three3threesix6six
Concat: 56
Line: 4sixsixzfmtzlspfcseven
TokenizedLine: 4six6sixsixzfmtzlspfcseven7seven
Concat: 47
Line: 4pqnrmqlscq1fkzxngndmgseven2
TokenizedLine: 4pqnrmqlscq1fkzxngndmgseven7seven2
Concat: 42
Line: 27four7znrkvxhvt6
TokenizedLine: 27four4four7znrkvxhvt6
Concat: 26
Line: lqkljjh79six7seven
TokenizedLine: lqkljjh79six6six7seven7seven
Concat: 77
Line: 2tlb84sixfour
TokenizedLine: 2tlb84six6sixfour4four
Concat: 24
Line: onesevenseven5htsdxvfctkdgvqtwoeight3
TokenizedLine: one1oneseven7sevenseven5htsdxvfctkdgvqtwo2twoeight8eight3
Concat: 13
Line: 66836qblqgdhnine
TokenizedLine: 66836qblqgdhnine9nine
Concat: 69
Line: 75ntphbdbpgktwo
TokenizedLine: 75ntphbdbpgktwo2two
Concat: 72
Line: jheightwovtone8fourtcsbhhntkq3nine1nine
TokenizedLine: jheight8eightwo2twovtone1one8four4fourtcsbhhntkq3nine9nine1nine
Concat: 81
Line: 5gcnnbjcgqn7
TokenizedLine: 5gcnnbjcgqn7
Concat: 57
Line: 1nnxkfdmxhsqqttsfsgtwo5three
TokenizedLine: 1nnxkfdmxhsqqttsfsgtwo2two5three3three
Concat: 13
Line: 7sixtwoeight
TokenizedLine: 7six6sixtwo2twoeight8eight
Concat: 78
Line: 9lsjcmcvqlconezxvrrptxlxleightlvghvxjgfive
TokenizedLine: 9lsjcmcvqlcone1onezxvrrptxlxleight8eightlvghvxjgfive5five
Concat: 95
Line: one6xxf1bjjnkfeightwozv
TokenizedLine: one1one6xxf1bjjnkfeight8eightwo2twozv
Concat: 12
Line: 4rqxnflktwo
TokenizedLine: 4rqxnflktwo2two
Concat: 42
Line: 5three1
TokenizedLine: 5three3three1
Concat: 51
Line: vxqmbgjnr6one
TokenizedLine: vxqmbgjnr6one1one
Concat: 61
Line: eightfour538
TokenizedLine: eight8eightfour4four538
Concat: 88
Line: gvjt1onetsevenonesixfive8
TokenizedLine: gvjt1one1onetseven7sevenonesix6sixfive5five8
Concat: 18
Line: fourgtwopbjbcvgtwo3one
TokenizedLine: four4fourgtwo2twopbjbcvgtwo3one1one
Concat: 41
Line: 68four4htvj8bk
TokenizedLine: 68four4four4htvj8bk
Concat: 68
Line: nmftgklbpj9onevbzzeightncszqgpl
TokenizedLine: nmftgklbpj9one1onevbzzeight8eightncszqgpl
Concat: 98
Line: 154fnthzxccjxsztjzpvzcn4
TokenizedLine: 154fnthzxccjxsztjzpvzcn4
Concat: 14
Line: three6fivefoursixgtzfzbkhmnplfm
TokenizedLine: three3three6five5fivefour4foursix6sixgtzfzbkhmnplfm
Concat: 36
Line: 63eightsixgdsdqqxzzsbnkt782
TokenizedLine: 63eight8eightsix6sixgdsdqqxzzsbnkt782
Concat: 62
Line: twovbntmfffivengfbkhzgm4
TokenizedLine: two2twovbntmfffive5fivengfbkhzgm4
Concat: 24
Line: 23sd6nnspq
TokenizedLine: 23sd6nnspq
Concat: 26
Line: nineeighttworhtvxdtxp8twoneh
TokenizedLine: nine9nineeight8eighttwo2tworhtvxdtxp8twone1oneh
Concat: 91
Line: four3threeonehbfhttgn39sqpctngqmzkhttn
TokenizedLine: four4four3three3threeone1onehbfhttgn39sqpctngqmzkhttn
Concat: 49
Line: rphtbkncs4nznsix
TokenizedLine: rphtbkncs4nznsix6six
Concat: 46
Line: 6three2sixsix9eightfour
TokenizedLine: 6three3three2six6sixsix9eight8eightfour4four
Concat: 64
